Epoch[0] Batch [50]	Speed: 990.06 samples/sec	accuracy=0.000000
Epoch[0] Batch [100]	Speed: 987.90 samples/sec	accuracy=0.000000
Epoch[0] Batch [150]	Speed: 981.15 samples/sec	accuracy=0.000000
Epoch[0] Batch [200]	Speed: 983.90 samples/sec	accuracy=0.000000
Epoch[0] Batch [250]	Speed: 997.78 samples/sec	accuracy=0.000000
Epoch[0] Batch [300]	Speed: 984.93 samples/sec	accuracy=0.000000
Epoch[0] Batch [350]	Speed: 990.24 samples/sec	accuracy=0.000000
Epoch[0] Batch [400]	Speed: 994.64 samples/sec	accuracy=0.000000
Epoch[0] Batch [450]	Speed: 1004.30 samples/sec	accuracy=0.000000
Epoch[0] Batch [500]	Speed: 1000.03 samples/sec	accuracy=0.000000
Epoch[0] Batch [550]	Speed: 998.38 samples/sec	accuracy=0.000000
Epoch[0] Batch [600]	Speed: 983.16 samples/sec	accuracy=0.000000
Epoch[0] Batch [650]	Speed: 970.14 samples/sec	accuracy=0.000000
Epoch[0] Batch [700]	Speed: 968.20 samples/sec	accuracy=0.000000
Epoch[0] Batch [750]	Speed: 976.05 samples/sec	accuracy=0.000000
Epoch[0] Batch [800]	Speed: 968.63 samples/sec	accuracy=0.000000
Epoch[0] Batch [850]	Speed: 963.12 samples/sec	accuracy=0.000059
Epoch[0] Batch [900]	Speed: 961.12 samples/sec	accuracy=0.000313
Epoch[0] Batch [950]	Speed: 958.32 samples/sec	accuracy=0.001133
Epoch[0] Batch [1000]	Speed: 966.84 samples/sec	accuracy=0.003789
Epoch[0] Batch [1050]	Speed: 965.15 samples/sec	accuracy=0.010918
Epoch[0] Batch [1100]	Speed: 958.85 samples/sec	accuracy=0.023477
Epoch[0] Batch [1150]	Speed: 975.33 samples/sec	accuracy=0.038594
Epoch[0] Batch [1200]	Speed: 989.87 samples/sec	accuracy=0.061621
Epoch[0] Batch [1250]	Speed: 993.65 samples/sec	accuracy=0.085762
Epoch[0] Batch [1300]	Speed: 993.64 samples/sec	accuracy=0.111953
Epoch[0] Batch [1350]	Speed: 997.54 samples/sec	accuracy=0.137461
Epoch[0] Batch [1400]	Speed: 987.89 samples/sec	accuracy=0.165332
Epoch[0] Batch [1450]	Speed: 989.62 samples/sec	accuracy=0.191504
Epoch[0] Batch [1500]	Speed: 994.59 samples/sec	accuracy=0.224434
Epoch[0] Batch [1550]	Speed: 999.86 samples/sec	accuracy=0.253164
Epoch[0] Batch [1600]	Speed: 983.61 samples/sec	accuracy=0.283184
Epoch[0] Batch [1650]	Speed: 989.55 samples/sec	accuracy=0.312754
Epoch[0] Batch [1700]	Speed: 983.29 samples/sec	accuracy=0.329473
Epoch[0] Batch [1750]	Speed: 987.77 samples/sec	accuracy=0.354922
Epoch[0] Batch [1800]	Speed: 991.24 samples/sec	accuracy=0.378613
Epoch[0] Batch [1850]	Speed: 987.11 samples/sec	accuracy=0.394863
Epoch[0] Batch [1900]	Speed: 988.29 samples/sec	accuracy=0.411191
Epoch[0] Batch [1950]	Speed: 988.87 samples/sec	accuracy=0.432852
Epoch[0] Batch [2000]	Speed: 985.36 samples/sec	accuracy=0.450820
Epoch[0] Batch [2050]	Speed: 994.95 samples/sec	accuracy=0.460781
Epoch[0] Batch [2100]	Speed: 993.86 samples/sec	accuracy=0.480820
Epoch[0] Batch [2150]	Speed: 999.29 samples/sec	accuracy=0.501094
Epoch[0] Batch [2200]	Speed: 991.02 samples/sec	accuracy=0.514004
Epoch[0] Batch [2250]	Speed: 997.15 samples/sec	accuracy=0.516719
Epoch[0] Batch [2300]	Speed: 1000.35 samples/sec	accuracy=0.535078
Epoch[0] Batch [2350]	Speed: 998.77 samples/sec	accuracy=0.546133
Epoch[0] Batch [2400]	Speed: 997.21 samples/sec	accuracy=0.555430
Epoch[0] Batch [2450]	Speed: 998.20 samples/sec	accuracy=0.574063
Epoch[0] Batch [2500]	Speed: 991.76 samples/sec	accuracy=0.575586
Epoch[0] Batch [2550]	Speed: 998.75 samples/sec	accuracy=0.589727
Epoch[0] Batch [2600]	Speed: 1000.14 samples/sec	accuracy=0.605059
Epoch[0] Batch [2650]	Speed: 988.80 samples/sec	accuracy=0.608770
Epoch[0] Batch [2700]	Speed: 977.42 samples/sec	accuracy=0.616348
Epoch[0] Batch [2750]	Speed: 966.50 samples/sec	accuracy=0.626992
Epoch[0] Batch [2800]	Speed: 975.61 samples/sec	accuracy=0.634629
Epoch[0] Batch [2850]	Speed: 972.24 samples/sec	accuracy=0.638145
Epoch[0] Batch [2900]	Speed: 964.66 samples/sec	accuracy=0.651855
Epoch[0] Batch [2950]	Speed: 951.87 samples/sec	accuracy=0.656816
Epoch[0] Batch [3000]	Speed: 944.63 samples/sec	accuracy=0.666230
Epoch[0] Batch [3050]	Speed: 951.71 samples/sec	accuracy=0.675625
Epoch[0] Batch [3100]	Speed: 947.41 samples/sec	accuracy=0.676230
Epoch[0] Batch [3150]	Speed: 952.95 samples/sec	accuracy=0.682891
Epoch[0] Batch [3200]	Speed: 942.16 samples/sec	accuracy=0.691328
Epoch[0] Train-accuracy=0.674805
Epoch[0] Time cost=3355.209
Saved checkpoint to "./check_points/model-0001.params"
Saved optimizer state to "./check_points/model-0001.states"
Epoch[0] Validation-accuracy=0.695782
Epoch[1] Batch [50]	Speed: 922.88 samples/sec	accuracy=0.702551
Epoch[1] Batch [100]	Speed: 923.84 samples/sec	accuracy=0.701328
Epoch[1] Batch [150]	Speed: 921.36 samples/sec	accuracy=0.707617
Epoch[1] Batch [200]	Speed: 934.90 samples/sec	accuracy=0.714180
Epoch[1] Batch [250]	Speed: 939.40 samples/sec	accuracy=0.715078
Epoch[1] Batch [300]	Speed: 932.13 samples/sec	accuracy=0.724336
Epoch[1] Batch [350]	Speed: 942.06 samples/sec	accuracy=0.728047
Epoch[1] Batch [400]	Speed: 936.11 samples/sec	accuracy=0.730977
Epoch[1] Batch [450]	Speed: 959.79 samples/sec	accuracy=0.737305
Epoch[1] Batch [500]	Speed: 995.43 samples/sec	accuracy=0.738164
Epoch[1] Batch [550]	Speed: 992.05 samples/sec	accuracy=0.742227
Epoch[1] Batch [600]	Speed: 990.43 samples/sec	accuracy=0.747578
Epoch[1] Batch [650]	Speed: 1000.53 samples/sec	accuracy=0.748691
Epoch[1] Batch [700]	Speed: 998.40 samples/sec	accuracy=0.756621
Epoch[1] Batch [750]	Speed: 994.85 samples/sec	accuracy=0.761855
Epoch[1] Batch [800]	Speed: 996.96 samples/sec	accuracy=0.761504
Epoch[1] Batch [850]	Speed: 999.66 samples/sec	accuracy=0.768926
Epoch[1] Batch [900]	Speed: 996.30 samples/sec	accuracy=0.765684
Epoch[1] Batch [950]	Speed: 994.61 samples/sec	accuracy=0.769648
Epoch[1] Batch [1000]	Speed: 996.35 samples/sec	accuracy=0.774648
Epoch[1] Batch [1050]	Speed: 992.32 samples/sec	accuracy=0.780527
Epoch[1] Batch [1100]	Speed: 980.06 samples/sec	accuracy=0.783164
Epoch[1] Batch [1150]	Speed: 977.83 samples/sec	accuracy=0.781582
Epoch[1] Batch [1200]	Speed: 985.51 samples/sec	accuracy=0.784023
Epoch[1] Batch [1250]	Speed: 984.24 samples/sec	accuracy=0.791855
Epoch[1] Batch [1300]	Speed: 986.96 samples/sec	accuracy=0.792773
Epoch[1] Batch [1350]	Speed: 976.94 samples/sec	accuracy=0.795625
Epoch[1] Batch [1400]	Speed: 963.37 samples/sec	accuracy=0.799102
Epoch[1] Batch [1450]	Speed: 957.78 samples/sec	accuracy=0.799492
Epoch[1] Batch [1500]	Speed: 971.58 samples/sec	accuracy=0.802754
Epoch[1] Batch [1550]	Speed: 965.19 samples/sec	accuracy=0.804980
Epoch[1] Batch [1600]	Speed: 937.46 samples/sec	accuracy=0.806777
Epoch[1] Batch [1650]	Speed: 930.33 samples/sec	accuracy=0.806289
Epoch[1] Batch [1700]	Speed: 928.38 samples/sec	accuracy=0.809355
Epoch[1] Batch [1750]	Speed: 933.90 samples/sec	accuracy=0.813262
Epoch[1] Batch [1800]	Speed: 930.48 samples/sec	accuracy=0.815000
Epoch[1] Batch [1850]	Speed: 942.36 samples/sec	accuracy=0.816172
Epoch[1] Batch [1900]	Speed: 942.80 samples/sec	accuracy=0.817148
Epoch[1] Batch [1950]	Speed: 950.73 samples/sec	accuracy=0.820020
Epoch[1] Batch [2000]	Speed: 944.55 samples/sec	accuracy=0.820898
Epoch[1] Batch [2050]	Speed: 950.04 samples/sec	accuracy=0.822480
Epoch[1] Batch [2100]	Speed: 954.29 samples/sec	accuracy=0.825762
Epoch[1] Batch [2150]	Speed: 965.40 samples/sec	accuracy=0.825898
Epoch[1] Batch [2200]	Speed: 979.45 samples/sec	accuracy=0.834570
Epoch[1] Batch [2250]	Speed: 975.59 samples/sec	accuracy=0.828633
Epoch[1] Batch [2300]	Speed: 968.30 samples/sec	accuracy=0.832773
Epoch[1] Batch [2350]	Speed: 973.89 samples/sec	accuracy=0.835742
Epoch[1] Batch [2400]	Speed: 947.78 samples/sec	accuracy=0.839766
Epoch[1] Batch [2450]	Speed: 964.67 samples/sec	accuracy=0.836562
Epoch[1] Batch [2500]	Speed: 959.84 samples/sec	accuracy=0.839473
Epoch[1] Batch [2550]	Speed: 971.96 samples/sec	accuracy=0.841543
Epoch[1] Batch [2600]	Speed: 966.68 samples/sec	accuracy=0.842773
Epoch[1] Batch [2650]	Speed: 967.65 samples/sec	accuracy=0.842520
Epoch[1] Batch [2700]	Speed: 984.37 samples/sec	accuracy=0.841172
Epoch[1] Batch [2750]	Speed: 980.61 samples/sec	accuracy=0.844492
Epoch[1] Batch [2800]	Speed: 994.94 samples/sec	accuracy=0.847637
Epoch[1] Batch [2850]	Speed: 994.64 samples/sec	accuracy=0.846855
Epoch[1] Batch [2900]	Speed: 997.66 samples/sec	accuracy=0.851523
Epoch[1] Batch [2950]	Speed: 994.06 samples/sec	accuracy=0.852383
Epoch[1] Batch [3000]	Speed: 992.44 samples/sec	accuracy=0.855977
Epoch[1] Batch [3050]	Speed: 994.48 samples/sec	accuracy=0.854668
Epoch[1] Batch [3100]	Speed: 977.62 samples/sec	accuracy=0.858906
Epoch[1] Batch [3150]	Speed: 984.05 samples/sec	accuracy=0.858242
Epoch[1] Batch [3200]	Speed: 978.13 samples/sec	accuracy=0.858789
Epoch[1] Train-accuracy=0.862793
Epoch[1] Time cost=3389.722
Saved checkpoint to "./check_points/model-0002.params"
Saved optimizer state to "./check_points/model-0002.states"
Epoch[1] Validation-accuracy=0.858226
Epoch[2] Batch [50]	Speed: 994.33 samples/sec	accuracy=0.863205
Epoch[2] Batch [100]	Speed: 983.41 samples/sec	accuracy=0.859727
Epoch[2] Batch [150]	Speed: 976.52 samples/sec	accuracy=0.862285
Epoch[2] Batch [200]	Speed: 977.84 samples/sec	accuracy=0.862656
Epoch[2] Batch [250]	Speed: 978.40 samples/sec	accuracy=0.863320
Epoch[2] Batch [300]	Speed: 975.71 samples/sec	accuracy=0.867402
Epoch[2] Batch [350]	Speed: 952.72 samples/sec	accuracy=0.866035
Epoch[2] Batch [400]	Speed: 964.20 samples/sec	accuracy=0.868984
Epoch[2] Batch [450]	Speed: 955.07 samples/sec	accuracy=0.869043
Epoch[2] Batch [500]	Speed: 958.88 samples/sec	accuracy=0.869375
Epoch[2] Batch [550]	Speed: 955.46 samples/sec	accuracy=0.869609
Epoch[2] Batch [600]	Speed: 961.12 samples/sec	accuracy=0.866445
Epoch[2] Batch [650]	Speed: 961.11 samples/sec	accuracy=0.865234
Epoch[2] Batch [700]	Speed: 963.83 samples/sec	accuracy=0.872754
Epoch[2] Batch [750]	Speed: 962.09 samples/sec	accuracy=0.873535
Epoch[2] Batch [800]	Speed: 966.46 samples/sec	accuracy=0.872520
Epoch[2] Batch [850]	Speed: 963.20 samples/sec	accuracy=0.876406
Epoch[2] Batch [900]	Speed: 963.16 samples/sec	accuracy=0.874902
Epoch[2] Batch [950]	Speed: 984.73 samples/sec	accuracy=0.877461
Epoch[2] Batch [1000]	Speed: 975.34 samples/sec	accuracy=0.876816
Epoch[2] Batch [1050]	Speed: 968.99 samples/sec	accuracy=0.880000
Epoch[2] Batch [1100]	Speed: 975.82 samples/sec	accuracy=0.882148
Epoch[2] Batch [1150]	Speed: 972.93 samples/sec	accuracy=0.881563
Epoch[2] Batch [1200]	Speed: 980.90 samples/sec	accuracy=0.881875
Epoch[2] Batch [1250]	Speed: 979.33 samples/sec	accuracy=0.882832
Epoch[2] Batch [1300]	Speed: 994.09 samples/sec	accuracy=0.884629
Epoch[2] Batch [1350]	Speed: 976.35 samples/sec	accuracy=0.885625
Epoch[2] Batch [1400]	Speed: 977.73 samples/sec	accuracy=0.886621
Epoch[2] Batch [1450]	Speed: 982.27 samples/sec	accuracy=0.887441
Epoch[2] Batch [1500]	Speed: 968.86 samples/sec	accuracy=0.887617
Epoch[2] Batch [1550]	Speed: 965.90 samples/sec	accuracy=0.888770
Epoch[2] Batch [1600]	Speed: 971.06 samples/sec	accuracy=0.888867
Epoch[2] Batch [1650]	Speed: 973.97 samples/sec	accuracy=0.889863
Epoch[2] Batch [1700]	Speed: 974.68 samples/sec	accuracy=0.889687
Epoch[2] Batch [1750]	Speed: 974.09 samples/sec	accuracy=0.891426
Epoch[2] Batch [1800]	Speed: 958.33 samples/sec	accuracy=0.890410
Epoch[2] Batch [1850]	Speed: 947.78 samples/sec	accuracy=0.893184
Epoch[2] Batch [1900]	Speed: 949.27 samples/sec	accuracy=0.893672
Epoch[2] Batch [1950]	Speed: 944.67 samples/sec	accuracy=0.892871
Epoch[2] Batch [2000]	Speed: 943.28 samples/sec	accuracy=0.893027
Epoch[2] Batch [2050]	Speed: 949.10 samples/sec	accuracy=0.890430
Epoch[2] Batch [2100]	Speed: 955.09 samples/sec	accuracy=0.893730
Epoch[2] Batch [2150]	Speed: 953.88 samples/sec	accuracy=0.894414
Epoch[2] Batch [2200]	Speed: 952.32 samples/sec	accuracy=0.899043
Epoch[2] Batch [2250]	Speed: 961.23 samples/sec	accuracy=0.896191
Epoch[2] Batch [2300]	Speed: 941.80 samples/sec	accuracy=0.898066
Epoch[2] Batch [2350]	Speed: 965.17 samples/sec	accuracy=0.898262
Epoch[2] Batch [2400]	Speed: 986.85 samples/sec	accuracy=0.898867
Epoch[2] Batch [2450]	Speed: 988.33 samples/sec	accuracy=0.900000
Epoch[2] Batch [2500]	Speed: 986.46 samples/sec	accuracy=0.900371
Epoch[2] Batch [2550]	Speed: 985.58 samples/sec	accuracy=0.901445
Epoch[2] Batch [2600]	Speed: 951.99 samples/sec	accuracy=0.904512
Epoch[2] Batch [2650]	Speed: 938.28 samples/sec	accuracy=0.901035
Epoch[2] Batch [2700]	Speed: 943.78 samples/sec	accuracy=0.900332
Epoch[2] Batch [2750]	Speed: 945.67 samples/sec	accuracy=0.900645
Epoch[2] Batch [2800]	Speed: 943.40 samples/sec	accuracy=0.903164
Epoch[2] Batch [2850]	Speed: 948.17 samples/sec	accuracy=0.905391
Epoch[2] Batch [2900]	Speed: 939.38 samples/sec	accuracy=0.904434
Epoch[2] Batch [2950]	Speed: 937.67 samples/sec	accuracy=0.902598
Epoch[2] Batch [3000]	Speed: 941.11 samples/sec	accuracy=0.905078
Epoch[2] Batch [3050]	Speed: 938.66 samples/sec	accuracy=0.906230
Epoch[2] Batch [3100]	Speed: 933.96 samples/sec	accuracy=0.907227
Epoch[2] Batch [3150]	Speed: 944.45 samples/sec	accuracy=0.907969
Epoch[2] Batch [3200]	Speed: 926.31 samples/sec	accuracy=0.909863
Epoch[2] Train-accuracy=0.919434
Epoch[2] Time cost=3408.199
Saved checkpoint to "./check_points/model-0003.params"
Saved optimizer state to "./check_points/model-0003.states"
Epoch[2] Validation-accuracy=0.907312
Epoch[3] Batch [50]	Speed: 933.73 samples/sec	accuracy=0.911994
Epoch[3] Batch [100]	Speed: 945.13 samples/sec	accuracy=0.908574
Epoch[3] Batch [150]	Speed: 972.79 samples/sec	accuracy=0.911133
Epoch[3] Batch [200]	Speed: 976.89 samples/sec	accuracy=0.910918
Epoch[3] Batch [250]	Speed: 953.88 samples/sec	accuracy=0.910898
Epoch[3] Batch [300]	Speed: 951.44 samples/sec	accuracy=0.911230
Epoch[3] Batch [350]	Speed: 956.72 samples/sec	accuracy=0.912793
Epoch[3] Batch [400]	Speed: 957.48 samples/sec	accuracy=0.912266
Epoch[3] Batch [450]	Speed: 951.38 samples/sec	accuracy=0.913203
Epoch[3] Batch [500]	Speed: 948.77 samples/sec	accuracy=0.911484
Epoch[3] Batch [550]	Speed: 946.18 samples/sec	accuracy=0.914102
Epoch[3] Batch [600]	Speed: 944.28 samples/sec	accuracy=0.912637
Epoch[3] Batch [650]	Speed: 944.23 samples/sec	accuracy=0.913125
Epoch[3] Batch [700]	Speed: 944.27 samples/sec	accuracy=0.914629
Epoch[3] Batch [750]	Speed: 941.97 samples/sec	accuracy=0.915293
Epoch[3] Batch [800]	Speed: 956.94 samples/sec	accuracy=0.913906
Epoch[3] Batch [850]	Speed: 949.40 samples/sec	accuracy=0.916172
Epoch[3] Batch [900]	Speed: 957.84 samples/sec	accuracy=0.915117
Epoch[3] Batch [950]	Speed: 950.24 samples/sec	accuracy=0.917188
Epoch[3] Batch [1000]	Speed: 964.50 samples/sec	accuracy=0.912109
Epoch[3] Batch [1050]	Speed: 967.34 samples/sec	accuracy=0.917832
Epoch[3] Batch [1100]	Speed: 961.94 samples/sec	accuracy=0.917168
Epoch[3] Batch [1150]	Speed: 974.68 samples/sec	accuracy=0.919277
Epoch[3] Batch [1200]	Speed: 967.21 samples/sec	accuracy=0.920000
Epoch[3] Batch [1250]	Speed: 953.75 samples/sec	accuracy=0.919258
Epoch[3] Batch [1300]	Speed: 987.81 samples/sec	accuracy=0.920371
Epoch[3] Batch [1350]	Speed: 975.11 samples/sec	accuracy=0.920547
Epoch[3] Batch [1400]	Speed: 995.68 samples/sec	accuracy=0.919414
Epoch[3] Batch [1450]	Speed: 996.36 samples/sec	accuracy=0.919277
Epoch[3] Batch [1500]	Speed: 991.26 samples/sec	accuracy=0.920625
Epoch[3] Batch [1550]	Speed: 990.66 samples/sec	accuracy=0.920937
Epoch[3] Batch [1600]	Speed: 967.60 samples/sec	accuracy=0.920586
Epoch[3] Batch [1650]	Speed: 987.74 samples/sec	accuracy=0.921777
Epoch[3] Batch [1700]	Speed: 968.64 samples/sec	accuracy=0.923398
Epoch[3] Batch [1750]	Speed: 982.29 samples/sec	accuracy=0.921484
Epoch[3] Batch [1800]	Speed: 983.53 samples/sec	accuracy=0.922559
Epoch[3] Batch [1850]	Speed: 976.46 samples/sec	accuracy=0.924297
Epoch[3] Batch [1900]	Speed: 975.37 samples/sec	accuracy=0.924863
Epoch[3] Batch [1950]	Speed: 975.95 samples/sec	accuracy=0.925391
Epoch[3] Batch [2000]	Speed: 978.14 samples/sec	accuracy=0.924102
Epoch[3] Batch [2050]	Speed: 972.88 samples/sec	accuracy=0.924707
Epoch[3] Batch [2100]	Speed: 967.25 samples/sec	accuracy=0.923926
Epoch[3] Batch [2150]	Speed: 969.30 samples/sec	accuracy=0.924766
Epoch[3] Batch [2200]	Speed: 973.28 samples/sec	accuracy=0.927461
Epoch[3] Batch [2250]	Speed: 968.43 samples/sec	accuracy=0.924941
Epoch[3] Batch [2300]	Speed: 964.02 samples/sec	accuracy=0.922285
Epoch[3] Batch [2350]	Speed: 971.03 samples/sec	accuracy=0.925293
Epoch[3] Batch [2400]	Speed: 966.45 samples/sec	accuracy=0.925371
Epoch[3] Batch [2450]	Speed: 964.87 samples/sec	accuracy=0.929102
Epoch[3] Batch [2500]	Speed: 977.51 samples/sec	accuracy=0.929082
Epoch[3] Batch [2550]	Speed: 976.70 samples/sec	accuracy=0.926777
Epoch[3] Batch [2600]	Speed: 973.24 samples/sec	accuracy=0.930391
Epoch[3] Batch [2650]	Speed: 974.80 samples/sec	accuracy=0.928613
Epoch[3] Batch [2700]	Speed: 974.15 samples/sec	accuracy=0.928633
Epoch[3] Batch [2750]	Speed: 992.20 samples/sec	accuracy=0.928125
Epoch[3] Batch [2800]	Speed: 995.64 samples/sec	accuracy=0.928105
Epoch[3] Batch [2850]	Speed: 984.79 samples/sec	accuracy=0.931523
Epoch[3] Batch [2900]	Speed: 989.47 samples/sec	accuracy=0.929980
Epoch[3] Batch [2950]	Speed: 963.82 samples/sec	accuracy=0.929570
Epoch[3] Batch [3000]	Speed: 934.93 samples/sec	accuracy=0.929004
Epoch[3] Batch [3050]	Speed: 962.52 samples/sec	accuracy=0.926113
Epoch[3] Batch [3100]	Speed: 984.95 samples/sec	accuracy=0.930684
Epoch[3] Batch [3150]	Speed: 992.67 samples/sec	accuracy=0.932891
Epoch[3] Batch [3200]	Speed: 994.88 samples/sec	accuracy=0.933848
Epoch[3] Train-accuracy=0.937012
Epoch[3] Time cost=3387.059
Saved checkpoint to "./check_points/model-0004.params"
Saved optimizer state to "./check_points/model-0004.states"
Epoch[3] Validation-accuracy=0.931191
Epoch[4] Batch [50]	Speed: 950.35 samples/sec	accuracy=0.935317
Epoch[4] Batch [100]	Speed: 944.39 samples/sec	accuracy=0.932520
Epoch[4] Batch [150]	Speed: 947.89 samples/sec	accuracy=0.934629
Epoch[4] Batch [200]	Speed: 942.28 samples/sec	accuracy=0.934961
Epoch[4] Batch [250]	Speed: 940.74 samples/sec	accuracy=0.933457
Epoch[4] Batch [300]	Speed: 949.13 samples/sec	accuracy=0.926230
Epoch[4] Batch [350]	Speed: 945.69 samples/sec	accuracy=0.915703
Epoch[4] Batch [400]	Speed: 957.06 samples/sec	accuracy=0.930918
Epoch[4] Batch [450]	Speed: 962.71 samples/sec	accuracy=0.932227
Epoch[4] Batch [500]	Speed: 956.94 samples/sec	accuracy=0.931191
Epoch[4] Batch [550]	Speed: 974.99 samples/sec	accuracy=0.932598
Epoch[4] Batch [600]	Speed: 996.06 samples/sec	accuracy=0.934063
Epoch[4] Batch [650]	Speed: 970.19 samples/sec	accuracy=0.934805
Epoch[4] Batch [700]	Speed: 961.61 samples/sec	accuracy=0.935469
Epoch[4] Batch [750]	Speed: 957.07 samples/sec	accuracy=0.935840
Epoch[4] Batch [800]	Speed: 956.16 samples/sec	accuracy=0.935547
Epoch[4] Batch [850]	Speed: 961.20 samples/sec	accuracy=0.936309
Epoch[4] Batch [900]	Speed: 960.59 samples/sec	accuracy=0.934043
Epoch[4] Batch [950]	Speed: 952.72 samples/sec	accuracy=0.938672
Epoch[4] Batch [1000]	Speed: 956.25 samples/sec	accuracy=0.933633
Epoch[4] Batch [1050]	Speed: 955.03 samples/sec	accuracy=0.936777
Epoch[4] Batch [1100]	Speed: 956.32 samples/sec	accuracy=0.938008
Epoch[4] Batch [1150]	Speed: 957.61 samples/sec	accuracy=0.939414
Epoch[4] Batch [1200]	Speed: 965.38 samples/sec	accuracy=0.940000
Epoch[4] Batch [1250]	Speed: 988.31 samples/sec	accuracy=0.939668
Epoch[4] Batch [1300]	Speed: 987.29 samples/sec	accuracy=0.940176
Epoch[4] Batch [1350]	Speed: 989.50 samples/sec	accuracy=0.940977
Epoch[4] Batch [1400]	Speed: 995.78 samples/sec	accuracy=0.941777
Epoch[4] Batch [1450]	Speed: 985.04 samples/sec	accuracy=0.940352
Epoch[4] Batch [1500]	Speed: 984.29 samples/sec	accuracy=0.939590
Epoch[4] Batch [1550]	Speed: 989.83 samples/sec	accuracy=0.941660
Epoch[4] Batch [1600]	Speed: 987.91 samples/sec	accuracy=0.940937
Epoch[4] Batch [1650]	Speed: 984.33 samples/sec	accuracy=0.939883
Epoch[4] Batch [1700]	Speed: 985.33 samples/sec	accuracy=0.941758
Epoch[4] Batch [1750]	Speed: 992.23 samples/sec	accuracy=0.940371
Epoch[4] Batch [1800]	Speed: 986.47 samples/sec	accuracy=0.940918
Epoch[4] Batch [1850]	Speed: 954.03 samples/sec	accuracy=0.941523
Epoch[4] Batch [1900]	Speed: 963.15 samples/sec	accuracy=0.942383
Epoch[4] Batch [1950]	Speed: 962.69 samples/sec	accuracy=0.941992
Epoch[4] Batch [2000]	Speed: 966.53 samples/sec	accuracy=0.941406
Epoch[4] Batch [2050]	Speed: 959.76 samples/sec	accuracy=0.941094
Epoch[4] Batch [2100]	Speed: 960.66 samples/sec	accuracy=0.941543
Epoch[4] Batch [2150]	Speed: 957.13 samples/sec	accuracy=0.941035
Epoch[4] Batch [2200]	Speed: 954.04 samples/sec	accuracy=0.944707
Epoch[4] Batch [2250]	Speed: 957.68 samples/sec	accuracy=0.941172
Epoch[4] Batch [2300]	Speed: 949.16 samples/sec	accuracy=0.942422
Epoch[4] Batch [2350]	Speed: 948.69 samples/sec	accuracy=0.943516
Epoch[4] Batch [2400]	Speed: 958.12 samples/sec	accuracy=0.944004
Epoch[4] Batch [2450]	Speed: 965.59 samples/sec	accuracy=0.945430
Epoch[4] Batch [2500]	Speed: 961.38 samples/sec	accuracy=0.944844
Epoch[4] Batch [2550]	Speed: 965.68 samples/sec	accuracy=0.941465
Epoch[4] Batch [2600]	Speed: 964.16 samples/sec	accuracy=0.945215
Epoch[4] Batch [2650]	Speed: 959.91 samples/sec	accuracy=0.945137
Epoch[4] Batch [2700]	Speed: 964.01 samples/sec	accuracy=0.944746
Epoch[4] Batch [2750]	Speed: 959.88 samples/sec	accuracy=0.943086
Epoch[4] Batch [2800]	Speed: 963.95 samples/sec	accuracy=0.943086
Epoch[4] Batch [2850]	Speed: 968.24 samples/sec	accuracy=0.944102
Epoch[4] Batch [2900]	Speed: 981.10 samples/sec	accuracy=0.942461
Epoch[4] Batch [2950]	Speed: 961.13 samples/sec	accuracy=0.945000
Epoch[4] Batch [3000]	Speed: 956.68 samples/sec	accuracy=0.945000
Epoch[4] Batch [3050]	Speed: 951.30 samples/sec	accuracy=0.946074
Epoch[4] Batch [3100]	Speed: 946.99 samples/sec	accuracy=0.946016
Epoch[4] Batch [3150]	Speed: 957.96 samples/sec	accuracy=0.947461
Epoch[4] Batch [3200]	Speed: 957.04 samples/sec	accuracy=0.947051
Epoch[4] Train-accuracy=0.955566
Epoch[4] Time cost=3402.483
Saved checkpoint to "./check_points/model-0005.params"
Saved optimizer state to "./check_points/model-0005.states"
Epoch[4] Validation-accuracy=0.944863
Epoch[5] Batch [50]	Speed: 947.45 samples/sec	accuracy=0.948108
Epoch[5] Batch [100]	Speed: 945.08 samples/sec	accuracy=0.946855
Epoch[5] Batch [150]	Speed: 926.25 samples/sec	accuracy=0.948301
Epoch[5] Batch [200]	Speed: 933.85 samples/sec	accuracy=0.947148
Epoch[5] Batch [250]	Speed: 928.98 samples/sec	accuracy=0.946719
Epoch[5] Batch [300]	Speed: 931.72 samples/sec	accuracy=0.947930
Epoch[5] Batch [350]	Speed: 925.55 samples/sec	accuracy=0.948320
Epoch[5] Batch [400]	Speed: 921.75 samples/sec	accuracy=0.949824
Epoch[5] Batch [450]	Speed: 928.27 samples/sec	accuracy=0.948535
Epoch[5] Batch [500]	Speed: 925.08 samples/sec	accuracy=0.948125
Epoch[5] Batch [550]	Speed: 946.86 samples/sec	accuracy=0.949844
Epoch[5] Batch [600]	Speed: 937.73 samples/sec	accuracy=0.948613
Epoch[5] Batch [650]	Speed: 943.54 samples/sec	accuracy=0.949609
Epoch[5] Batch [700]	Speed: 944.99 samples/sec	accuracy=0.948887
Epoch[5] Batch [750]	Speed: 946.57 samples/sec	accuracy=0.949160
Epoch[5] Batch [800]	Speed: 942.60 samples/sec	accuracy=0.948906
Epoch[5] Batch [850]	Speed: 943.33 samples/sec	accuracy=0.947891
Epoch[5] Batch [900]	Speed: 945.69 samples/sec	accuracy=0.946875
Epoch[5] Batch [950]	Speed: 945.44 samples/sec	accuracy=0.950566
Epoch[5] Batch [1000]	Speed: 941.49 samples/sec	accuracy=0.949082
Epoch[5] Batch [1050]	Speed: 964.13 samples/sec	accuracy=0.950293
Epoch[5] Batch [1100]	Speed: 974.96 samples/sec	accuracy=0.950430
Epoch[5] Batch [1150]	Speed: 980.51 samples/sec	accuracy=0.953203
Epoch[5] Batch [1200]	Speed: 972.92 samples/sec	accuracy=0.953320
Epoch[5] Batch [1250]	Speed: 983.26 samples/sec	accuracy=0.951289
Epoch[5] Batch [1300]	Speed: 987.03 samples/sec	accuracy=0.951680
Epoch[5] Batch [1350]	Speed: 983.66 samples/sec	accuracy=0.951504
Epoch[5] Batch [1400]	Speed: 984.98 samples/sec	accuracy=0.951309
Epoch[5] Batch [1450]	Speed: 983.15 samples/sec	accuracy=0.951914
Epoch[5] Batch [1500]	Speed: 978.60 samples/sec	accuracy=0.950918
Epoch[5] Batch [1550]	Speed: 966.21 samples/sec	accuracy=0.953926
Epoch[5] Batch [1600]	Speed: 964.13 samples/sec	accuracy=0.953750
Epoch[5] Batch [1650]	Speed: 937.00 samples/sec	accuracy=0.952051
Epoch[5] Batch [1700]	Speed: 936.62 samples/sec	accuracy=0.951914
Epoch[5] Batch [1750]	Speed: 936.28 samples/sec	accuracy=0.952285
Epoch[5] Batch [1800]	Speed: 934.80 samples/sec	accuracy=0.951738
Epoch[5] Batch [1850]	Speed: 942.46 samples/sec	accuracy=0.952441
Epoch[5] Batch [1900]	Speed: 944.25 samples/sec	accuracy=0.953457
Epoch[5] Batch [1950]	Speed: 946.43 samples/sec	accuracy=0.952754
Epoch[5] Batch [2000]	Speed: 941.80 samples/sec	accuracy=0.954023
Epoch[5] Batch [2050]	Speed: 947.85 samples/sec	accuracy=0.954434
Epoch[5] Batch [2100]	Speed: 952.22 samples/sec	accuracy=0.954238
Epoch[5] Batch [2150]	Speed: 958.81 samples/sec	accuracy=0.952461
Epoch[5] Batch [2200]	Speed: 975.43 samples/sec	accuracy=0.955937
Epoch[5] Batch [2250]	Speed: 968.51 samples/sec	accuracy=0.952969
Epoch[5] Batch [2300]	Speed: 974.04 samples/sec	accuracy=0.953320
Epoch[5] Batch [2350]	Speed: 974.02 samples/sec	accuracy=0.954355
Epoch[5] Batch [2400]	Speed: 976.05 samples/sec	accuracy=0.955625
Epoch[5] Batch [2450]	Speed: 974.83 samples/sec	accuracy=0.957520
Epoch[5] Batch [2500]	Speed: 981.17 samples/sec	accuracy=0.954863
Epoch[5] Batch [2550]	Speed: 977.78 samples/sec	accuracy=0.952090
Epoch[5] Batch [2600]	Speed: 970.44 samples/sec	accuracy=0.956504
Epoch[5] Batch [2650]	Speed: 971.64 samples/sec	accuracy=0.954160
Epoch[5] Batch [2700]	Speed: 969.92 samples/sec	accuracy=0.954199
Epoch[5] Batch [2750]	Speed: 988.70 samples/sec	accuracy=0.953613
Epoch[5] Batch [2800]	Speed: 987.81 samples/sec	accuracy=0.954355
Epoch[5] Batch [2850]	Speed: 988.43 samples/sec	accuracy=0.954648
Epoch[5] Batch [2900]	Speed: 988.48 samples/sec	accuracy=0.954629
Epoch[5] Batch [2950]	Speed: 990.60 samples/sec	accuracy=0.956621
Epoch[5] Batch [3000]	Speed: 992.62 samples/sec	accuracy=0.956523
Epoch[5] Batch [3050]	Speed: 994.70 samples/sec	accuracy=0.956074
Epoch[5] Batch [3100]	Speed: 987.74 samples/sec	accuracy=0.956289
Epoch[5] Batch [3150]	Speed: 988.93 samples/sec	accuracy=0.956660
Epoch[5] Batch [3200]	Speed: 974.55 samples/sec	accuracy=0.957520
Epoch[5] Train-accuracy=0.960449
Epoch[5] Time cost=3417.851
Saved checkpoint to "./check_points/model-0006.params"
Saved optimizer state to "./check_points/model-0006.states"
Epoch[5] Validation-accuracy=0.955322
Epoch[6] Batch [50]	Speed: 935.43 samples/sec	accuracy=0.957644
Epoch[6] Batch [100]	Speed: 939.66 samples/sec	accuracy=0.956133
Epoch[6] Batch [150]	Speed: 940.42 samples/sec	accuracy=0.956484
Epoch[6] Batch [200]	Speed: 952.17 samples/sec	accuracy=0.955508
Epoch[6] Batch [250]	Speed: 954.88 samples/sec	accuracy=0.955859
Epoch[6] Batch [300]	Speed: 959.21 samples/sec	accuracy=0.956914
Epoch[6] Batch [350]	Speed: 958.82 samples/sec	accuracy=0.956914
Epoch[6] Batch [400]	Speed: 947.67 samples/sec	accuracy=0.960059
Epoch[6] Batch [450]	Speed: 943.08 samples/sec	accuracy=0.957949
Epoch[6] Batch [500]	Speed: 971.81 samples/sec	accuracy=0.957910
Epoch[6] Batch [550]	Speed: 975.71 samples/sec	accuracy=0.957969
Epoch[6] Batch [600]	Speed: 976.91 samples/sec	accuracy=0.957441
Epoch[6] Batch [650]	Speed: 980.70 samples/sec	accuracy=0.957930
Epoch[6] Batch [700]	Speed: 985.08 samples/sec	accuracy=0.959004
Epoch[6] Batch [750]	Speed: 968.50 samples/sec	accuracy=0.958203
Epoch[6] Batch [800]	Speed: 946.38 samples/sec	accuracy=0.957305
Epoch[6] Batch [850]	Speed: 947.70 samples/sec	accuracy=0.957969
Epoch[6] Batch [900]	Speed: 956.47 samples/sec	accuracy=0.954844
Epoch[6] Batch [950]	Speed: 947.65 samples/sec	accuracy=0.959570
Epoch[6] Batch [1000]	Speed: 940.84 samples/sec	accuracy=0.956953
Epoch[6] Batch [1050]	Speed: 947.93 samples/sec	accuracy=0.957812
Epoch[6] Batch [1100]	Speed: 941.53 samples/sec	accuracy=0.958965
Epoch[6] Batch [1150]	Speed: 954.48 samples/sec	accuracy=0.960977
Epoch[6] Batch [1200]	Speed: 953.21 samples/sec	accuracy=0.959844
Epoch[6] Batch [1250]	Speed: 953.15 samples/sec	accuracy=0.958750
Epoch[6] Batch [1300]	Speed: 953.87 samples/sec	accuracy=0.959648
Epoch[6] Batch [1350]	Speed: 965.44 samples/sec	accuracy=0.957793
Epoch[6] Batch [1400]	Speed: 966.12 samples/sec	accuracy=0.959375
Epoch[6] Batch [1450]	Speed: 973.73 samples/sec	accuracy=0.960020
Epoch[6] Batch [1500]	Speed: 975.51 samples/sec	accuracy=0.960488
Epoch[6] Batch [1550]	Speed: 976.81 samples/sec	accuracy=0.961426
Epoch[6] Batch [1600]	Speed: 966.75 samples/sec	accuracy=0.960254
Epoch[6] Batch [1650]	Speed: 985.11 samples/sec	accuracy=0.957539
Epoch[6] Batch [1700]	Speed: 982.44 samples/sec	accuracy=0.959785
Epoch[6] Batch [1750]	Speed: 983.73 samples/sec	accuracy=0.958730
Epoch[6] Batch [1800]	Speed: 982.13 samples/sec	accuracy=0.958730
Epoch[6] Batch [1850]	Speed: 981.45 samples/sec	accuracy=0.959531
Epoch[6] Batch [1900]	Speed: 996.40 samples/sec	accuracy=0.960449
Epoch[6] Batch [1950]	Speed: 994.75 samples/sec	accuracy=0.961523
Epoch[6] Batch [2000]	Speed: 983.83 samples/sec	accuracy=0.960820
Epoch[6] Batch [2050]	Speed: 987.53 samples/sec	accuracy=0.960469
Epoch[6] Batch [2100]	Speed: 992.69 samples/sec	accuracy=0.960313
Epoch[6] Batch [2150]	Speed: 993.34 samples/sec	accuracy=0.960762
Epoch[6] Batch [2200]	Speed: 996.01 samples/sec	accuracy=0.961875
Epoch[6] Batch [2250]	Speed: 987.34 samples/sec	accuracy=0.959551
Epoch[6] Batch [2300]	Speed: 996.25 samples/sec	accuracy=0.960156
Epoch[6] Batch [2350]	Speed: 991.71 samples/sec	accuracy=0.961562
Epoch[6] Batch [2400]	Speed: 985.02 samples/sec	accuracy=0.961211
Epoch[6] Batch [2450]	Speed: 986.63 samples/sec	accuracy=0.963555
Epoch[6] Batch [2500]	Speed: 976.26 samples/sec	accuracy=0.962207
Epoch[6] Batch [2550]	Speed: 979.10 samples/sec	accuracy=0.952539
Epoch[6] Batch [2600]	Speed: 979.68 samples/sec	accuracy=0.959824
Epoch[6] Batch [2650]	Speed: 977.00 samples/sec	accuracy=0.959805
Epoch[6] Batch [2700]	Speed: 966.05 samples/sec	accuracy=0.961035
Epoch[6] Batch [2750]	Speed: 960.71 samples/sec	accuracy=0.959668
Epoch[6] Batch [2800]	Speed: 959.38 samples/sec	accuracy=0.959863
Epoch[6] Batch [2850]	Speed: 953.63 samples/sec	accuracy=0.961777
Epoch[6] Batch [2900]	Speed: 954.62 samples/sec	accuracy=0.961074
Epoch[6] Batch [2950]	Speed: 959.99 samples/sec	accuracy=0.962578
Epoch[6] Batch [3000]	Speed: 958.55 samples/sec	accuracy=0.961934
Epoch[6] Batch [3050]	Speed: 974.47 samples/sec	accuracy=0.963125
Epoch[6] Batch [3100]	Speed: 972.47 samples/sec	accuracy=0.963184
Epoch[6] Batch [3150]	Speed: 961.24 samples/sec	accuracy=0.962676
Epoch[6] Batch [3200]	Speed: 955.24 samples/sec	accuracy=0.962773
Epoch[6] Train-accuracy=0.961426
Epoch[6] Time cost=3389.625
Saved checkpoint to "./check_points/model-0007.params"
Saved optimizer state to "./check_points/model-0007.states"
Epoch[6] Validation-accuracy=0.957525
Epoch[7] Batch [50]	Speed: 957.28 samples/sec	accuracy=0.962603
Epoch[7] Batch [100]	Speed: 951.05 samples/sec	accuracy=0.963262
Epoch[7] Batch [150]	Speed: 952.48 samples/sec	accuracy=0.963691
Epoch[7] Batch [200]	Speed: 952.77 samples/sec	accuracy=0.963145
Epoch[7] Batch [250]	Speed: 946.97 samples/sec	accuracy=0.962246
Epoch[7] Batch [300]	Speed: 946.32 samples/sec	accuracy=0.962090
Epoch[7] Batch [350]	Speed: 957.94 samples/sec	accuracy=0.961602
Epoch[7] Batch [400]	Speed: 970.88 samples/sec	accuracy=0.964316
Epoch[7] Batch [450]	Speed: 966.06 samples/sec	accuracy=0.963867
Epoch[7] Batch [500]	Speed: 965.56 samples/sec	accuracy=0.963535
Epoch[7] Batch [550]	Speed: 969.32 samples/sec	accuracy=0.964629
Epoch[7] Batch [600]	Speed: 965.86 samples/sec	accuracy=0.964453
Epoch[7] Batch [650]	Speed: 970.99 samples/sec	accuracy=0.964668
Epoch[7] Batch [700]	Speed: 984.06 samples/sec	accuracy=0.964551
Epoch[7] Batch [750]	Speed: 980.46 samples/sec	accuracy=0.964102
Epoch[7] Batch [800]	Speed: 972.24 samples/sec	accuracy=0.962207
Epoch[7] Batch [850]	Speed: 976.63 samples/sec	accuracy=0.963340
Epoch[7] Batch [900]	Speed: 976.24 samples/sec	accuracy=0.962812
Epoch[7] Batch [950]	Speed: 973.67 samples/sec	accuracy=0.965664
Epoch[7] Batch [1000]	Speed: 980.87 samples/sec	accuracy=0.963652
Epoch[7] Batch [1050]	Speed: 983.63 samples/sec	accuracy=0.963164
Epoch[7] Batch [1100]	Speed: 975.69 samples/sec	accuracy=0.964668
Epoch[7] Batch [1150]	Speed: 977.05 samples/sec	accuracy=0.966328
Epoch[7] Batch [1200]	Speed: 983.89 samples/sec	accuracy=0.966895
Epoch[7] Batch [1250]	Speed: 981.08 samples/sec	accuracy=0.965156
Epoch[7] Batch [1300]	Speed: 972.19 samples/sec	accuracy=0.964531
Epoch[7] Batch [1350]	Speed: 965.74 samples/sec	accuracy=0.965566
Epoch[7] Batch [1400]	Speed: 954.04 samples/sec	accuracy=0.965977
Epoch[7] Batch [1450]	Speed: 948.22 samples/sec	accuracy=0.965840
Epoch[7] Batch [1500]	Speed: 950.54 samples/sec	accuracy=0.966152
Epoch[7] Batch [1550]	Speed: 942.15 samples/sec	accuracy=0.966191
Epoch[7] Batch [1600]	Speed: 948.29 samples/sec	accuracy=0.966465
Epoch[7] Batch [1650]	Speed: 941.95 samples/sec	accuracy=0.965176
Epoch[7] Batch [1700]	Speed: 940.41 samples/sec	accuracy=0.965742
Epoch[7] Batch [1750]	Speed: 965.16 samples/sec	accuracy=0.965938
Epoch[7] Batch [1800]	Speed: 966.53 samples/sec	accuracy=0.966562
Epoch[7] Batch [1850]	Speed: 966.17 samples/sec	accuracy=0.966680
Epoch[7] Batch [1900]	Speed: 963.42 samples/sec	accuracy=0.967480
Epoch[7] Batch [1950]	Speed: 969.84 samples/sec	accuracy=0.966953
Epoch[7] Batch [2000]	Speed: 971.62 samples/sec	accuracy=0.965605
Epoch[7] Batch [2050]	Speed: 978.07 samples/sec	accuracy=0.965898
Epoch[7] Batch [2100]	Speed: 978.43 samples/sec	accuracy=0.965762
Epoch[7] Batch [2150]	Speed: 978.58 samples/sec	accuracy=0.966172
Epoch[7] Batch [2200]	Speed: 980.21 samples/sec	accuracy=0.968066
Epoch[7] Batch [2250]	Speed: 977.15 samples/sec	accuracy=0.965254
Epoch[7] Batch [2300]	Speed: 971.29 samples/sec	accuracy=0.965742
Epoch[7] Batch [2350]	Speed: 978.37 samples/sec	accuracy=0.965684
Epoch[7] Batch [2400]	Speed: 969.09 samples/sec	accuracy=0.967734
Epoch[7] Batch [2450]	Speed: 962.22 samples/sec	accuracy=0.968535
Epoch[7] Batch [2500]	Speed: 963.71 samples/sec	accuracy=0.967187
Epoch[7] Batch [2550]	Speed: 989.26 samples/sec	accuracy=0.966035
Epoch[7] Batch [2600]	Speed: 978.92 samples/sec	accuracy=0.967852
Epoch[7] Batch [2650]	Speed: 973.25 samples/sec	accuracy=0.968203
Epoch[7] Batch [2700]	Speed: 976.39 samples/sec	accuracy=0.967676
Epoch[7] Batch [2750]	Speed: 976.41 samples/sec	accuracy=0.967031
Epoch[7] Batch [2800]	Speed: 978.67 samples/sec	accuracy=0.967129
Epoch[7] Batch [2850]	Speed: 972.53 samples/sec	accuracy=0.967500
Epoch[7] Batch [2900]	Speed: 964.82 samples/sec	accuracy=0.966445
Epoch[7] Batch [2950]	Speed: 974.32 samples/sec	accuracy=0.968086
Epoch[7] Batch [3000]	Speed: 981.52 samples/sec	accuracy=0.967129
Epoch[7] Batch [3050]	Speed: 981.83 samples/sec	accuracy=0.968789
Epoch[7] Batch [3100]	Speed: 979.69 samples/sec	accuracy=0.968555
Epoch[7] Batch [3150]	Speed: 976.52 samples/sec	accuracy=0.968672
Epoch[7] Batch [3200]	Speed: 992.94 samples/sec	accuracy=0.969336
Epoch[7] Train-accuracy=0.970703
Epoch[7] Time cost=3385.328
Saved checkpoint to "./check_points/model-0008.params"
Saved optimizer state to "./check_points/model-0008.states"
Epoch[7] Validation-accuracy=0.964449
Epoch[8] Batch [50]	Speed: 1001.23 samples/sec	accuracy=0.969324
Epoch[8] Batch [100]	Speed: 994.56 samples/sec	accuracy=0.968809
Epoch[8] Batch [150]	Speed: 1003.61 samples/sec	accuracy=0.969063
Epoch[8] Batch [200]	Speed: 997.89 samples/sec	accuracy=0.968457
Epoch[8] Batch [250]	Speed: 990.82 samples/sec	accuracy=0.967539
Epoch[8] Batch [300]	Speed: 986.82 samples/sec	accuracy=0.966797
Epoch[8] Batch [350]	Speed: 984.47 samples/sec	accuracy=0.967949
Epoch[8] Batch [400]	Speed: 990.51 samples/sec	accuracy=0.966797
Epoch[8] Batch [450]	Speed: 984.38 samples/sec	accuracy=0.968457
Epoch[8] Batch [500]	Speed: 981.00 samples/sec	accuracy=0.967617
Epoch[8] Batch [550]	Speed: 985.22 samples/sec	accuracy=0.969414
Epoch[8] Batch [600]	Speed: 979.85 samples/sec	accuracy=0.969102
Epoch[8] Batch [650]	Speed: 979.12 samples/sec	accuracy=0.967988
Epoch[8] Batch [700]	Speed: 970.68 samples/sec	accuracy=0.968574
Epoch[8] Batch [750]	Speed: 965.90 samples/sec	accuracy=0.969160
Epoch[8] Batch [800]	Speed: 961.81 samples/sec	accuracy=0.969727
Epoch[8] Batch [850]	Speed: 945.78 samples/sec	accuracy=0.969707
Epoch[8] Batch [900]	Speed: 957.29 samples/sec	accuracy=0.967520
Epoch[8] Batch [950]	Speed: 952.03 samples/sec	accuracy=0.970586
Epoch[8] Batch [1000]	Speed: 956.25 samples/sec	accuracy=0.968887
Epoch[8] Batch [1050]	Speed: 952.23 samples/sec	accuracy=0.968457
Epoch[8] Batch [1100]	Speed: 954.83 samples/sec	accuracy=0.969648
Epoch[8] Batch [1150]	Speed: 945.75 samples/sec	accuracy=0.970801
Epoch[8] Batch [1200]	Speed: 961.77 samples/sec	accuracy=0.971738
Epoch[8] Batch [1250]	Speed: 947.42 samples/sec	accuracy=0.970020
Epoch[8] Batch [1300]	Speed: 963.69 samples/sec	accuracy=0.969805
Epoch[8] Batch [1350]	Speed: 973.87 samples/sec	accuracy=0.970742
Epoch[8] Batch [1400]	Speed: 988.83 samples/sec	accuracy=0.971172
Epoch[8] Batch [1450]	Speed: 998.57 samples/sec	accuracy=0.971348
Epoch[8] Batch [1500]	Speed: 982.58 samples/sec	accuracy=0.970664
Epoch[8] Batch [1550]	Speed: 994.46 samples/sec	accuracy=0.971250
Epoch[8] Batch [1600]	Speed: 982.18 samples/sec	accuracy=0.969941
Epoch[8] Batch [1650]	Speed: 978.76 samples/sec	accuracy=0.967930
Epoch[8] Batch [1700]	Speed: 988.44 samples/sec	accuracy=0.968965
Epoch[8] Batch [1750]	Speed: 984.28 samples/sec	accuracy=0.970059
Epoch[8] Batch [1800]	Speed: 995.97 samples/sec	accuracy=0.971562
Epoch[8] Batch [1850]	Speed: 960.71 samples/sec	accuracy=0.969824
Epoch[8] Batch [1900]	Speed: 955.03 samples/sec	accuracy=0.971309
Epoch[8] Batch [1950]	Speed: 946.47 samples/sec	accuracy=0.971289
Epoch[8] Batch [2000]	Speed: 941.43 samples/sec	accuracy=0.971621
Epoch[8] Batch [2050]	Speed: 954.18 samples/sec	accuracy=0.970840
Epoch[8] Batch [2100]	Speed: 940.90 samples/sec	accuracy=0.964414
Epoch[8] Batch [2150]	Speed: 955.47 samples/sec	accuracy=0.968691
Epoch[8] Batch [2200]	Speed: 942.85 samples/sec	accuracy=0.971816
Epoch[8] Batch [2250]	Speed: 943.16 samples/sec	accuracy=0.963906
Epoch[8] Batch [2300]	Speed: 939.14 samples/sec	accuracy=0.968613
Epoch[8] Batch [2350]	Speed: 935.97 samples/sec	accuracy=0.970547
Epoch[8] Batch [2400]	Speed: 944.77 samples/sec	accuracy=0.970703
Epoch[8] Batch [2450]	Speed: 963.73 samples/sec	accuracy=0.971953
Epoch[8] Batch [2500]	Speed: 958.85 samples/sec	accuracy=0.971289
Epoch[8] Batch [2550]	Speed: 964.25 samples/sec	accuracy=0.969375
Epoch[8] Batch [2600]	Speed: 959.47 samples/sec	accuracy=0.972051
Epoch[8] Batch [2650]	Speed: 959.87 samples/sec	accuracy=0.971562
Epoch[8] Batch [2700]	Speed: 957.87 samples/sec	accuracy=0.971582
Epoch[8] Batch [2750]	Speed: 956.10 samples/sec	accuracy=0.970820
Epoch[8] Batch [2800]	Speed: 947.23 samples/sec	accuracy=0.970957
Epoch[8] Batch [2850]	Speed: 964.96 samples/sec	accuracy=0.971387
Epoch[8] Batch [2900]	Speed: 966.09 samples/sec	accuracy=0.970527
Epoch[8] Batch [2950]	Speed: 956.66 samples/sec	accuracy=0.972070
Epoch[8] Batch [3000]	Speed: 939.92 samples/sec	accuracy=0.972539
Epoch[8] Batch [3050]	Speed: 935.80 samples/sec	accuracy=0.971973
Epoch[8] Batch [3100]	Speed: 936.95 samples/sec	accuracy=0.972461
Epoch[8] Batch [3150]	Speed: 941.48 samples/sec	accuracy=0.972012
Epoch[8] Batch [3200]	Speed: 948.19 samples/sec	accuracy=0.974121
Epoch[8] Train-accuracy=0.977051
Epoch[8] Time cost=3399.256
Saved checkpoint to "./check_points/model-0009.params"
Saved optimizer state to "./check_points/model-0009.states"
Epoch[8] Validation-accuracy=0.968923
Epoch[9] Batch [50]	Speed: 947.31 samples/sec	accuracy=0.972867
Epoch[9] Batch [100]	Speed: 943.44 samples/sec	accuracy=0.973027
Epoch[9] Batch [150]	Speed: 944.81 samples/sec	accuracy=0.971328
Epoch[9] Batch [200]	Speed: 935.84 samples/sec	accuracy=0.970449
Epoch[9] Batch [250]	Speed: 941.25 samples/sec	accuracy=0.970352
Epoch[9] Batch [300]	Speed: 965.06 samples/sec	accuracy=0.971738
Epoch[9] Batch [350]	Speed: 966.85 samples/sec	accuracy=0.970098
Epoch[9] Batch [400]	Speed: 969.90 samples/sec	accuracy=0.972930
Epoch[9] Batch [450]	Speed: 972.97 samples/sec	accuracy=0.971953
Epoch[9] Batch [500]	Speed: 985.33 samples/sec	accuracy=0.972539
Epoch[9] Batch [550]	Speed: 1000.36 samples/sec	accuracy=0.972598
Epoch[9] Batch [600]	Speed: 984.59 samples/sec	accuracy=0.972930
Epoch[9] Batch [650]	Speed: 986.25 samples/sec	accuracy=0.973223
Epoch[9] Batch [700]	Speed: 990.93 samples/sec	accuracy=0.973828
Epoch[9] Batch [750]	Speed: 985.36 samples/sec	accuracy=0.973223
Epoch[9] Batch [800]	Speed: 986.23 samples/sec	accuracy=0.972363
Epoch[9] Batch [850]	Speed: 984.03 samples/sec	accuracy=0.973125
Epoch[9] Batch [900]	Speed: 987.39 samples/sec	accuracy=0.971680
Epoch[9] Batch [950]	Speed: 991.97 samples/sec	accuracy=0.973555
Epoch[9] Batch [1000]	Speed: 986.70 samples/sec	accuracy=0.972246
Epoch[9] Batch [1050]	Speed: 986.98 samples/sec	accuracy=0.971543
Epoch[9] Batch [1100]	Speed: 974.32 samples/sec	accuracy=0.973555
Epoch[9] Batch [1150]	Speed: 978.84 samples/sec	accuracy=0.973223
Epoch[9] Batch [1200]	Speed: 984.73 samples/sec	accuracy=0.973223
Epoch[9] Batch [1250]	Speed: 983.99 samples/sec	accuracy=0.973047
Epoch[9] Batch [1300]	Speed: 978.81 samples/sec	accuracy=0.973105
Epoch[9] Batch [1350]	Speed: 985.02 samples/sec	accuracy=0.972793
Epoch[9] Batch [1400]	Speed: 983.79 samples/sec	accuracy=0.972832
Epoch[9] Batch [1450]	Speed: 970.89 samples/sec	accuracy=0.974277
Epoch[9] Batch [1500]	Speed: 965.82 samples/sec	accuracy=0.974063
Epoch[9] Batch [1550]	Speed: 969.14 samples/sec	accuracy=0.973555
Epoch[9] Batch [1600]	Speed: 968.55 samples/sec	accuracy=0.973223
Epoch[9] Batch [1650]	Speed: 959.24 samples/sec	accuracy=0.972676
Epoch[9] Batch [1700]	Speed: 956.86 samples/sec	accuracy=0.972324
Epoch[9] Batch [1750]	Speed: 955.75 samples/sec	accuracy=0.972812
Epoch[9] Batch [1800]	Speed: 955.20 samples/sec	accuracy=0.974473
Epoch[9] Batch [1850]	Speed: 961.50 samples/sec	accuracy=0.973984
Epoch[9] Batch [1900]	Speed: 961.30 samples/sec	accuracy=0.973594
Epoch[9] Batch [1950]	Speed: 962.58 samples/sec	accuracy=0.973203
Epoch[9] Batch [2000]	Speed: 961.37 samples/sec	accuracy=0.974277
Epoch[9] Batch [2050]	Speed: 971.17 samples/sec	accuracy=0.967871
Epoch[9] Batch [2100]	Speed: 972.35 samples/sec	accuracy=0.966875
Epoch[9] Batch [2150]	Speed: 971.47 samples/sec	accuracy=0.970020
Epoch[9] Batch [2200]	Speed: 978.15 samples/sec	accuracy=0.974160
Epoch[9] Batch [2250]	Speed: 987.16 samples/sec	accuracy=0.972598
Epoch[9] Batch [2300]	Speed: 978.54 samples/sec	accuracy=0.973047
Epoch[9] Batch [2350]	Speed: 967.83 samples/sec	accuracy=0.973379
Epoch[9] Batch [2400]	Speed: 971.29 samples/sec	accuracy=0.974141
Epoch[9] Batch [2450]	Speed: 976.94 samples/sec	accuracy=0.974297
Epoch[9] Batch [2500]	Speed: 975.59 samples/sec	accuracy=0.973203
Epoch[9] Batch [2550]	Speed: 972.36 samples/sec	accuracy=0.973398
Epoch[9] Batch [2600]	Speed: 953.37 samples/sec	accuracy=0.973496
Epoch[9] Batch [2650]	Speed: 956.99 samples/sec	accuracy=0.974355
Epoch[9] Batch [2700]	Speed: 955.56 samples/sec	accuracy=0.974141
Epoch[9] Batch [2750]	Speed: 958.77 samples/sec	accuracy=0.973418
Epoch[9] Batch [2800]	Speed: 955.29 samples/sec	accuracy=0.974668
Epoch[9] Batch [2850]	Speed: 947.09 samples/sec	accuracy=0.974355
Epoch[9] Batch [2900]	Speed: 965.85 samples/sec	accuracy=0.973633
Epoch[9] Batch [2950]	Speed: 961.42 samples/sec	accuracy=0.975898
Epoch[9] Batch [3000]	Speed: 956.61 samples/sec	accuracy=0.975039
Epoch[9] Batch [3050]	Speed: 965.27 samples/sec	accuracy=0.973965
Epoch[9] Batch [3100]	Speed: 956.28 samples/sec	accuracy=0.972793
Epoch[9] Batch [3150]	Speed: 958.53 samples/sec	accuracy=0.973926
Epoch[9] Batch [3200]	Speed: 961.39 samples/sec	accuracy=0.976250
Epoch[9] Train-accuracy=0.977051
Epoch[9] Time cost=3384.661
Saved checkpoint to "./check_points/model-0010.params"
Saved optimizer state to "./check_points/model-0010.states"
Epoch[9] Validation-accuracy=0.970429
Epoch[10] Batch [50]	Speed: 970.22 samples/sec	accuracy=0.974112
Epoch[10] Batch [100]	Speed: 967.32 samples/sec	accuracy=0.975234
Epoch[10] Batch [150]	Speed: 972.87 samples/sec	accuracy=0.974961
Epoch[10] Batch [200]	Speed: 963.52 samples/sec	accuracy=0.974707
Epoch[10] Batch [250]	Speed: 973.51 samples/sec	accuracy=0.974766
Epoch[10] Batch [300]	Speed: 972.12 samples/sec	accuracy=0.975547
Epoch[10] Batch [350]	Speed: 968.85 samples/sec	accuracy=0.974590
Epoch[10] Batch [400]	Speed: 974.90 samples/sec	accuracy=0.977031
Epoch[10] Batch [450]	Speed: 976.66 samples/sec	accuracy=0.976309
Epoch[10] Batch [500]	Speed: 980.85 samples/sec	accuracy=0.976621
Epoch[10] Batch [550]	Speed: 982.55 samples/sec	accuracy=0.975273
Epoch[10] Batch [600]	Speed: 992.98 samples/sec	accuracy=0.975762
Epoch[10] Batch [650]	Speed: 979.34 samples/sec	accuracy=0.976016
Epoch[10] Batch [700]	Speed: 984.72 samples/sec	accuracy=0.975879
Epoch[10] Batch [750]	Speed: 999.34 samples/sec	accuracy=0.976152
Epoch[10] Batch [800]	Speed: 990.77 samples/sec	accuracy=0.975820
Epoch[10] Batch [850]	Speed: 982.86 samples/sec	accuracy=0.975664
Epoch[10] Batch [900]	Speed: 989.09 samples/sec	accuracy=0.975820
Epoch[10] Batch [950]	Speed: 981.68 samples/sec	accuracy=0.977773
Epoch[10] Batch [1000]	Speed: 987.87 samples/sec	accuracy=0.975820
Epoch[10] Batch [1050]	Speed: 972.98 samples/sec	accuracy=0.975645
Epoch[10] Batch [1100]	Speed: 974.90 samples/sec	accuracy=0.976875
Epoch[10] Batch [1150]	Speed: 973.50 samples/sec	accuracy=0.978672
Epoch[10] Batch [1200]	Speed: 965.96 samples/sec	accuracy=0.977305
Epoch[10] Batch [1250]	Speed: 969.05 samples/sec	accuracy=0.976914
Epoch[10] Batch [1300]	Speed: 961.33 samples/sec	accuracy=0.976680
Epoch[10] Batch [1350]	Speed: 958.79 samples/sec	accuracy=0.977324
Epoch[10] Batch [1400]	Speed: 973.01 samples/sec	accuracy=0.977344
Epoch[10] Batch [1450]	Speed: 974.65 samples/sec	accuracy=0.976543
Epoch[10] Batch [1500]	Speed: 969.76 samples/sec	accuracy=0.976484
Epoch[10] Batch [1550]	Speed: 972.63 samples/sec	accuracy=0.977500
Epoch[10] Batch [1600]	Speed: 986.63 samples/sec	accuracy=0.977695
Epoch[10] Batch [1650]	Speed: 985.74 samples/sec	accuracy=0.976426
Epoch[10] Batch [1700]	Speed: 988.61 samples/sec	accuracy=0.976230
Epoch[10] Batch [1750]	Speed: 983.72 samples/sec	accuracy=0.977051
Epoch[10] Batch [1800]	Speed: 984.59 samples/sec	accuracy=0.976426
Epoch[10] Batch [1850]	Speed: 995.33 samples/sec	accuracy=0.975547
Epoch[10] Batch [1900]	Speed: 996.58 samples/sec	accuracy=0.977383
Epoch[10] Batch [1950]	Speed: 992.51 samples/sec	accuracy=0.977422
Epoch[10] Batch [2000]	Speed: 992.80 samples/sec	accuracy=0.977871
Epoch[10] Batch [2050]	Speed: 989.07 samples/sec	accuracy=0.977090
Epoch[10] Batch [2100]	Speed: 995.75 samples/sec	accuracy=0.976660
Epoch[10] Batch [2150]	Speed: 993.97 samples/sec	accuracy=0.976699
Epoch[10] Batch [2200]	Speed: 985.52 samples/sec	accuracy=0.979004
Epoch[10] Batch [2250]	Speed: 991.38 samples/sec	accuracy=0.976465
Epoch[10] Batch [2300]	Speed: 997.05 samples/sec	accuracy=0.977637
Epoch[10] Batch [2350]	Speed: 998.05 samples/sec	accuracy=0.977676
Epoch[10] Batch [2400]	Speed: 993.24 samples/sec	accuracy=0.978691
Epoch[10] Batch [2450]	Speed: 1006.73 samples/sec	accuracy=0.978359
Epoch[10] Batch [2500]	Speed: 995.07 samples/sec	accuracy=0.977754
Epoch[10] Batch [2550]	Speed: 982.86 samples/sec	accuracy=0.976465
Epoch[10] Batch [2600]	Speed: 988.57 samples/sec	accuracy=0.978516
Epoch[10] Batch [2650]	Speed: 985.29 samples/sec	accuracy=0.977598
Epoch[10] Batch [2700]	Speed: 992.29 samples/sec	accuracy=0.978086
Epoch[10] Batch [2750]	Speed: 993.60 samples/sec	accuracy=0.976094
Epoch[10] Batch [2800]	Speed: 969.19 samples/sec	accuracy=0.977832
Epoch[10] Batch [2850]	Speed: 976.43 samples/sec	accuracy=0.978281
Epoch[10] Batch [2900]	Speed: 960.54 samples/sec	accuracy=0.977109
Epoch[10] Batch [2950]	Speed: 978.83 samples/sec	accuracy=0.979004
Epoch[10] Batch [3000]	Speed: 970.10 samples/sec	accuracy=0.977832
Epoch[10] Batch [3050]	Speed: 967.32 samples/sec	accuracy=0.977852
Epoch[10] Batch [3100]	Speed: 975.90 samples/sec	accuracy=0.977480
Epoch[10] Batch [3150]	Speed: 951.31 samples/sec	accuracy=0.978105
Epoch[10] Batch [3200]	Speed: 968.32 samples/sec	accuracy=0.979453
Epoch[10] Train-accuracy=0.978027
Epoch[10] Time cost=3344.665
Saved checkpoint to "./check_points/model-0011.params"
Saved optimizer state to "./check_points/model-0011.states"
Epoch[10] Validation-accuracy=0.973520
Epoch[11] Batch [50]	Speed: 975.26 samples/sec	accuracy=0.978765
Epoch[11] Batch [100]	Speed: 984.46 samples/sec	accuracy=0.979199
Epoch[11] Batch [150]	Speed: 982.67 samples/sec	accuracy=0.978008
Epoch[11] Batch [200]	Speed: 977.98 samples/sec	accuracy=0.977031
Epoch[11] Batch [250]	Speed: 977.99 samples/sec	accuracy=0.977637
Epoch[11] Batch [300]	Speed: 990.62 samples/sec	accuracy=0.978262
Epoch[11] Batch [350]	Speed: 999.74 samples/sec	accuracy=0.976797
Epoch[11] Batch [400]	Speed: 998.89 samples/sec	accuracy=0.979375
Epoch[11] Batch [450]	Speed: 1005.04 samples/sec	accuracy=0.979160
Epoch[11] Batch [500]	Speed: 1002.29 samples/sec	accuracy=0.978594
Epoch[11] Batch [550]	Speed: 1001.49 samples/sec	accuracy=0.978359
Epoch[11] Batch [600]	Speed: 1003.37 samples/sec	accuracy=0.978359
Epoch[11] Batch [650]	Speed: 1000.40 samples/sec	accuracy=0.979746
Epoch[11] Batch [700]	Speed: 1000.01 samples/sec	accuracy=0.979609
Epoch[11] Batch [750]	Speed: 997.78 samples/sec	accuracy=0.978945
Epoch[11] Batch [800]	Speed: 995.48 samples/sec	accuracy=0.978867
Epoch[11] Batch [850]	Speed: 994.55 samples/sec	accuracy=0.978184
Epoch[11] Batch [900]	Speed: 997.62 samples/sec	accuracy=0.978965
Epoch[11] Batch [950]	Speed: 997.01 samples/sec	accuracy=0.980391
Epoch[11] Batch [1000]	Speed: 1003.17 samples/sec	accuracy=0.978398
Epoch[11] Batch [1050]	Speed: 999.65 samples/sec	accuracy=0.977715
Epoch[11] Batch [1100]	Speed: 996.95 samples/sec	accuracy=0.978418
Epoch[11] Batch [1150]	Speed: 1000.61 samples/sec	accuracy=0.980059
Epoch[11] Batch [1200]	Speed: 996.60 samples/sec	accuracy=0.979941
Epoch[11] Batch [1250]	Speed: 991.55 samples/sec	accuracy=0.979082
Epoch[11] Batch [1300]	Speed: 992.07 samples/sec	accuracy=0.978672
Epoch[11] Batch [1350]	Speed: 996.32 samples/sec	accuracy=0.980762
Epoch[11] Batch [1400]	Speed: 996.28 samples/sec	accuracy=0.979551
Epoch[11] Batch [1450]	Speed: 1002.52 samples/sec	accuracy=0.979668
Epoch[11] Batch [1500]	Speed: 990.56 samples/sec	accuracy=0.979727
Epoch[11] Batch [1550]	Speed: 988.42 samples/sec	accuracy=0.978613
Epoch[11] Batch [1600]	Speed: 981.52 samples/sec	accuracy=0.979121
Epoch[11] Batch [1650]	Speed: 983.78 samples/sec	accuracy=0.978770
Epoch[11] Batch [1700]	Speed: 981.27 samples/sec	accuracy=0.978965
Epoch[11] Batch [1750]	Speed: 990.01 samples/sec	accuracy=0.978984
Epoch[11] Batch [1800]	Speed: 962.90 samples/sec	accuracy=0.978984
Epoch[11] Batch [1850]	Speed: 978.70 samples/sec	accuracy=0.979805
Epoch[11] Batch [1900]	Speed: 965.48 samples/sec	accuracy=0.981367
Epoch[11] Batch [1950]	Speed: 976.93 samples/sec	accuracy=0.978926
Epoch[11] Batch [2000]	Speed: 968.15 samples/sec	accuracy=0.979102
Epoch[11] Batch [2050]	Speed: 977.23 samples/sec	accuracy=0.979082
Epoch[11] Batch [2100]	Speed: 980.18 samples/sec	accuracy=0.979531
Epoch[11] Batch [2150]	Speed: 991.20 samples/sec	accuracy=0.978887
Epoch[11] Batch [2200]	Speed: 990.48 samples/sec	accuracy=0.981250
Epoch[11] Batch [2250]	Speed: 996.94 samples/sec	accuracy=0.978086
Epoch[11] Batch [2300]	Speed: 984.42 samples/sec	accuracy=0.979512
Epoch[11] Batch [2350]	Speed: 991.31 samples/sec	accuracy=0.980137
Epoch[11] Batch [2400]	Speed: 986.96 samples/sec	accuracy=0.980293
Epoch[11] Batch [2450]	Speed: 992.41 samples/sec	accuracy=0.980996
Epoch[11] Batch [2500]	Speed: 991.54 samples/sec	accuracy=0.977422
Epoch[11] Batch [2550]	Speed: 984.75 samples/sec	accuracy=0.975508
Epoch[11] Batch [2600]	Speed: 980.62 samples/sec	accuracy=0.978848
Epoch[11] Batch [2650]	Speed: 985.00 samples/sec	accuracy=0.979121
Epoch[11] Batch [2700]	Speed: 982.91 samples/sec	accuracy=0.979043
Epoch[11] Batch [2750]	Speed: 988.63 samples/sec	accuracy=0.976719
Epoch[11] Batch [2800]	Speed: 989.79 samples/sec	accuracy=0.979473
Epoch[11] Batch [2850]	Speed: 980.47 samples/sec	accuracy=0.980039
Epoch[11] Batch [2900]	Speed: 986.21 samples/sec	accuracy=0.978887
Epoch[11] Batch [2950]	Speed: 990.16 samples/sec	accuracy=0.980605
Epoch[11] Batch [3000]	Speed: 967.69 samples/sec	accuracy=0.980684
Epoch[11] Batch [3050]	Speed: 965.62 samples/sec	accuracy=0.980703
Epoch[11] Batch [3100]	Speed: 962.34 samples/sec	accuracy=0.980313
Epoch[11] Batch [3150]	Speed: 950.20 samples/sec	accuracy=0.978437
Epoch[11] Batch [3200]	Speed: 946.01 samples/sec	accuracy=0.980820
Epoch[11] Train-accuracy=0.979980
Epoch[11] Time cost=3323.820
Saved checkpoint to "./check_points/model-0012.params"
Saved optimizer state to "./check_points/model-0012.states"
Epoch[11] Validation-accuracy=0.975210
Epoch[12] Batch [50]	Speed: 959.16 samples/sec	accuracy=0.980430
Epoch[12] Batch [100]	Speed: 960.49 samples/sec	accuracy=0.981387
Epoch[12] Batch [150]	Speed: 948.22 samples/sec	accuracy=0.980762
Epoch[12] Batch [200]	Speed: 941.86 samples/sec	accuracy=0.979551
Epoch[12] Batch [250]	Speed: 939.92 samples/sec	accuracy=0.980879
Epoch[12] Batch [300]	Speed: 946.98 samples/sec	accuracy=0.980625
Epoch[12] Batch [350]	Speed: 939.93 samples/sec	accuracy=0.979590
Epoch[12] Batch [400]	Speed: 940.15 samples/sec	accuracy=0.981582
Epoch[12] Batch [450]	Speed: 934.58 samples/sec	accuracy=0.981895
Epoch[12] Batch [500]	Speed: 949.41 samples/sec	accuracy=0.980625
Epoch[12] Batch [550]	Speed: 939.71 samples/sec	accuracy=0.980488
Epoch[12] Batch [600]	Speed: 947.16 samples/sec	accuracy=0.981523
Epoch[12] Batch [650]	Speed: 943.07 samples/sec	accuracy=0.981563
Epoch[12] Batch [700]	Speed: 972.31 samples/sec	accuracy=0.980684
Epoch[12] Batch [750]	Speed: 979.59 samples/sec	accuracy=0.980742
Epoch[12] Batch [800]	Speed: 982.96 samples/sec	accuracy=0.981055
Epoch[12] Batch [850]	Speed: 984.67 samples/sec	accuracy=0.980371
Epoch[12] Batch [900]	Speed: 983.24 samples/sec	accuracy=0.980195
Epoch[12] Batch [950]	Speed: 979.90 samples/sec	accuracy=0.981758
Epoch[12] Batch [1000]	Speed: 991.57 samples/sec	accuracy=0.980566
Epoch[12] Batch [1050]	Speed: 980.08 samples/sec	accuracy=0.979590
Epoch[12] Batch [1100]	Speed: 993.77 samples/sec	accuracy=0.980723
Epoch[12] Batch [1150]	Speed: 972.31 samples/sec	accuracy=0.981758
Epoch[12] Batch [1200]	Speed: 983.71 samples/sec	accuracy=0.982305
Epoch[12] Batch [1250]	Speed: 972.24 samples/sec	accuracy=0.981582
Epoch[12] Batch [1300]	Speed: 931.30 samples/sec	accuracy=0.982031
Epoch[12] Batch [1350]	Speed: 933.64 samples/sec	accuracy=0.982227
Epoch[12] Batch [1400]	Speed: 927.32 samples/sec	accuracy=0.981836
Epoch[12] Batch [1450]	Speed: 933.11 samples/sec	accuracy=0.981191
Epoch[12] Batch [1500]	Speed: 930.23 samples/sec	accuracy=0.981699
Epoch[12] Batch [1550]	Speed: 931.47 samples/sec	accuracy=0.982266
Epoch[12] Batch [1600]	Speed: 928.00 samples/sec	accuracy=0.981680
Epoch[12] Batch [1650]	Speed: 932.42 samples/sec	accuracy=0.980859
Epoch[12] Batch [1700]	Speed: 944.69 samples/sec	accuracy=0.980527
Epoch[12] Batch [1750]	Speed: 945.49 samples/sec	accuracy=0.981582
Epoch[12] Batch [1800]	Speed: 951.16 samples/sec	accuracy=0.977598
Epoch[12] Batch [1850]	Speed: 982.26 samples/sec	accuracy=0.980078
Epoch[12] Batch [1900]	Speed: 992.77 samples/sec	accuracy=0.981680
Epoch[12] Batch [1950]	Speed: 985.14 samples/sec	accuracy=0.982051
Epoch[12] Batch [2000]	Speed: 989.97 samples/sec	accuracy=0.982129
Epoch[12] Batch [2050]	Speed: 981.97 samples/sec	accuracy=0.981504
Epoch[12] Batch [2100]	Speed: 981.23 samples/sec	accuracy=0.980137
Epoch[12] Batch [2150]	Speed: 974.05 samples/sec	accuracy=0.980488
Epoch[12] Batch [2200]	Speed: 978.79 samples/sec	accuracy=0.983477
Epoch[12] Batch [2250]	Speed: 962.56 samples/sec	accuracy=0.980527
Epoch[12] Batch [2300]	Speed: 972.74 samples/sec	accuracy=0.981445
Epoch[12] Batch [2350]	Speed: 974.24 samples/sec	accuracy=0.981738
Epoch[12] Batch [2400]	Speed: 946.18 samples/sec	accuracy=0.981719
Epoch[12] Batch [2450]	Speed: 940.62 samples/sec	accuracy=0.982891
Epoch[12] Batch [2500]	Speed: 921.47 samples/sec	accuracy=0.981777
Epoch[12] Batch [2550]	Speed: 932.23 samples/sec	accuracy=0.981406
Epoch[12] Batch [2600]	Speed: 918.23 samples/sec	accuracy=0.982676
Epoch[12] Batch [2650]	Speed: 930.83 samples/sec	accuracy=0.982656
Epoch[12] Batch [2700]	Speed: 924.58 samples/sec	accuracy=0.982500
Epoch[12] Batch [2750]	Speed: 936.55 samples/sec	accuracy=0.979727
Epoch[12] Batch [2800]	Speed: 939.96 samples/sec	accuracy=0.981074
Epoch[12] Batch [2850]	Speed: 942.81 samples/sec	accuracy=0.981289
Epoch[12] Batch [2900]	Speed: 941.84 samples/sec	accuracy=0.978359
Epoch[12] Batch [2950]	Speed: 943.97 samples/sec	accuracy=0.982227
Epoch[12] Batch [3000]	Speed: 945.83 samples/sec	accuracy=0.981289
Epoch[12] Batch [3050]	Speed: 946.87 samples/sec	accuracy=0.981777
Epoch[12] Batch [3100]	Speed: 950.66 samples/sec	accuracy=0.982285
Epoch[12] Batch [3150]	Speed: 941.32 samples/sec	accuracy=0.982676
Epoch[12] Batch [3200]	Speed: 941.98 samples/sec	accuracy=0.983281
Epoch[12] Train-accuracy=0.979004
Epoch[12] Time cost=3438.717
Saved checkpoint to "./check_points/model-0013.params"
Saved optimizer state to "./check_points/model-0013.states"
Epoch[12] Validation-accuracy=0.977128
Epoch[13] Batch [50]	Speed: 985.36 samples/sec	accuracy=0.982479
Epoch[13] Batch [100]	Speed: 983.13 samples/sec	accuracy=0.983125
Epoch[13] Batch [150]	Speed: 986.12 samples/sec	accuracy=0.982539
Epoch[13] Batch [200]	Speed: 985.83 samples/sec	accuracy=0.981406
Epoch[13] Batch [250]	Speed: 982.06 samples/sec	accuracy=0.982500
Epoch[13] Batch [300]	Speed: 950.36 samples/sec	accuracy=0.982070
Epoch[13] Batch [350]	Speed: 952.59 samples/sec	accuracy=0.979473
Epoch[13] Batch [400]	Speed: 946.08 samples/sec	accuracy=0.982969
Epoch[13] Batch [450]	Speed: 947.68 samples/sec	accuracy=0.982578
Epoch[13] Batch [500]	Speed: 938.09 samples/sec	accuracy=0.983027
Epoch[13] Batch [550]	Speed: 941.15 samples/sec	accuracy=0.982695
Epoch[13] Batch [600]	Speed: 949.37 samples/sec	accuracy=0.982891
Epoch[13] Batch [650]	Speed: 945.96 samples/sec	accuracy=0.983828
Epoch[13] Batch [700]	Speed: 950.42 samples/sec	accuracy=0.983496
Epoch[13] Batch [750]	Speed: 954.24 samples/sec	accuracy=0.982891
Epoch[13] Batch [800]	Speed: 952.25 samples/sec	accuracy=0.981191
Epoch[13] Batch [850]	Speed: 969.91 samples/sec	accuracy=0.982520
Epoch[13] Batch [900]	Speed: 979.28 samples/sec	accuracy=0.981855
Epoch[13] Batch [950]	Speed: 981.86 samples/sec	accuracy=0.983672
Epoch[13] Batch [1000]	Speed: 981.31 samples/sec	accuracy=0.983398
Epoch[13] Batch [1050]	Speed: 981.82 samples/sec	accuracy=0.982129
Epoch[13] Batch [1100]	Speed: 980.45 samples/sec	accuracy=0.982812
Epoch[13] Batch [1150]	Speed: 981.38 samples/sec	accuracy=0.984238
Epoch[13] Batch [1200]	Speed: 983.23 samples/sec	accuracy=0.983555
Epoch[13] Batch [1250]	Speed: 985.21 samples/sec	accuracy=0.983184
Epoch[13] Batch [1300]	Speed: 982.24 samples/sec	accuracy=0.983457
Epoch[13] Batch [1350]	Speed: 980.72 samples/sec	accuracy=0.984648
Epoch[13] Batch [1400]	Speed: 992.86 samples/sec	accuracy=0.983633
Epoch[13] Batch [1450]	Speed: 994.13 samples/sec	accuracy=0.983242
Epoch[13] Batch [1500]	Speed: 980.75 samples/sec	accuracy=0.983848
Epoch[13] Batch [1550]	Speed: 984.43 samples/sec	accuracy=0.983418
Epoch[13] Batch [1600]	Speed: 983.37 samples/sec	accuracy=0.983848
Epoch[13] Batch [1650]	Speed: 959.78 samples/sec	accuracy=0.982578
Epoch[13] Batch [1700]	Speed: 970.18 samples/sec	accuracy=0.983027
Epoch[13] Batch [1750]	Speed: 960.62 samples/sec	accuracy=0.983633
Epoch[13] Batch [1800]	Speed: 965.24 samples/sec	accuracy=0.983359
Epoch[13] Batch [1850]	Speed: 965.23 samples/sec	accuracy=0.984531
Epoch[13] Batch [1900]	Speed: 969.44 samples/sec	accuracy=0.984082
Epoch[13] Batch [1950]	Speed: 964.84 samples/sec	accuracy=0.984180
Epoch[13] Batch [2000]	Speed: 972.55 samples/sec	accuracy=0.984121
Epoch[13] Batch [2050]	Speed: 983.93 samples/sec	accuracy=0.983984
Epoch[13] Batch [2100]	Speed: 986.89 samples/sec	accuracy=0.983223
Epoch[13] Batch [2150]	Speed: 985.35 samples/sec	accuracy=0.983262
Epoch[13] Batch [2200]	Speed: 993.61 samples/sec	accuracy=0.985566
Epoch[13] Batch [2250]	Speed: 1007.65 samples/sec	accuracy=0.977578
Epoch[13] Batch [2300]	Speed: 994.78 samples/sec	accuracy=0.980742
Epoch[13] Batch [2350]	Speed: 1004.79 samples/sec	accuracy=0.982402
Epoch[13] Batch [2400]	Speed: 1001.66 samples/sec	accuracy=0.983008
Epoch[13] Batch [2450]	Speed: 997.63 samples/sec	accuracy=0.983945
Epoch[13] Batch [2500]	Speed: 991.77 samples/sec	accuracy=0.983223
Epoch[13] Batch [2550]	Speed: 993.00 samples/sec	accuracy=0.982930
Epoch[13] Batch [2600]	Speed: 1004.88 samples/sec	accuracy=0.984102
Epoch[13] Batch [2650]	Speed: 1000.82 samples/sec	accuracy=0.984453
Epoch[13] Batch [2700]	Speed: 995.24 samples/sec	accuracy=0.984648
Epoch[13] Batch [2750]	Speed: 1000.95 samples/sec	accuracy=0.982559
Epoch[13] Batch [2800]	Speed: 997.73 samples/sec	accuracy=0.983320
Epoch[13] Batch [2850]	Speed: 994.09 samples/sec	accuracy=0.983926
Epoch[13] Batch [2900]	Speed: 991.10 samples/sec	accuracy=0.982793
Epoch[13] Batch [2950]	Speed: 996.72 samples/sec	accuracy=0.984785
Epoch[13] Batch [3000]	Speed: 987.49 samples/sec	accuracy=0.983027
Epoch[13] Batch [3050]	Speed: 996.94 samples/sec	accuracy=0.983516
Epoch[13] Batch [3100]	Speed: 997.02 samples/sec	accuracy=0.983379
Epoch[13] Batch [3150]	Speed: 978.36 samples/sec	accuracy=0.983691
Epoch[13] Batch [3200]	Speed: 984.81 samples/sec	accuracy=0.981758
Epoch[13] Train-accuracy=0.981445
Epoch[13] Time cost=3350.886
Saved checkpoint to "./check_points/model-0014.params"
Saved optimizer state to "./check_points/model-0014.states"
Epoch[13] Validation-accuracy=0.976626
Epoch[14] Batch [50]	Speed: 965.29 samples/sec	accuracy=0.982805
Epoch[14] Batch [100]	Speed: 967.73 samples/sec	accuracy=0.983984
Epoch[14] Batch [150]	Speed: 970.56 samples/sec	accuracy=0.982344
Epoch[14] Batch [200]	Speed: 978.67 samples/sec	accuracy=0.982598
Epoch[14] Batch [250]	Speed: 990.77 samples/sec	accuracy=0.983828
Epoch[14] Batch [300]	Speed: 964.08 samples/sec	accuracy=0.984004
Epoch[14] Batch [350]	Speed: 985.60 samples/sec	accuracy=0.983437
Epoch[14] Batch [400]	Speed: 972.59 samples/sec	accuracy=0.985586
Epoch[14] Batch [450]	Speed: 966.24 samples/sec	accuracy=0.984551
Epoch[14] Batch [500]	Speed: 992.04 samples/sec	accuracy=0.984727
Epoch[14] Batch [550]	Speed: 991.24 samples/sec	accuracy=0.983418
Epoch[14] Batch [600]	Speed: 989.26 samples/sec	accuracy=0.983828
Epoch[14] Batch [650]	Speed: 991.34 samples/sec	accuracy=0.985313
Epoch[14] Batch [700]	Speed: 988.49 samples/sec	accuracy=0.985000
Epoch[14] Batch [750]	Speed: 979.77 samples/sec	accuracy=0.984902
Epoch[14] Batch [800]	Speed: 972.77 samples/sec	accuracy=0.984473
Epoch[14] Batch [850]	Speed: 976.89 samples/sec	accuracy=0.983613
Epoch[14] Batch [900]	Speed: 980.82 samples/sec	accuracy=0.983965
Epoch[14] Batch [950]	Speed: 973.68 samples/sec	accuracy=0.985137
Epoch[14] Batch [1000]	Speed: 999.22 samples/sec	accuracy=0.984785
Epoch[14] Batch [1050]	Speed: 993.46 samples/sec	accuracy=0.983359
Epoch[14] Batch [1100]	Speed: 990.20 samples/sec	accuracy=0.983906
Epoch[14] Batch [1150]	Speed: 985.35 samples/sec	accuracy=0.984238
Epoch[14] Batch [1200]	Speed: 991.57 samples/sec	accuracy=0.985332
Epoch[14] Batch [1250]	Speed: 985.81 samples/sec	accuracy=0.983145
Epoch[14] Batch [1300]	Speed: 995.27 samples/sec	accuracy=0.983594
Epoch[14] Batch [1350]	Speed: 990.65 samples/sec	accuracy=0.984629
Epoch[14] Batch [1400]	Speed: 999.90 samples/sec	accuracy=0.984590
Epoch[14] Batch [1450]	Speed: 1000.17 samples/sec	accuracy=0.985215
Epoch[14] Batch [1500]	Speed: 993.72 samples/sec	accuracy=0.985469
Epoch[14] Batch [1550]	Speed: 991.03 samples/sec	accuracy=0.984961
Epoch[14] Batch [1600]	Speed: 974.79 samples/sec	accuracy=0.985371
Epoch[14] Batch [1650]	Speed: 979.24 samples/sec	accuracy=0.984766
Epoch[14] Batch [1700]	Speed: 978.18 samples/sec	accuracy=0.984727
Epoch[14] Batch [1750]	Speed: 973.50 samples/sec	accuracy=0.985527
Epoch[14] Batch [1800]	Speed: 981.44 samples/sec	accuracy=0.986211
Epoch[14] Batch [1850]	Speed: 979.27 samples/sec	accuracy=0.985840
Epoch[14] Batch [1900]	Speed: 979.12 samples/sec	accuracy=0.985078
Epoch[14] Batch [1950]	Speed: 983.38 samples/sec	accuracy=0.984434
Epoch[14] Batch [2000]	Speed: 981.67 samples/sec	accuracy=0.985313
Epoch[14] Batch [2050]	Speed: 974.54 samples/sec	accuracy=0.984238
Epoch[14] Batch [2100]	Speed: 982.15 samples/sec	accuracy=0.984746
Epoch[14] Batch [2150]	Speed: 981.45 samples/sec	accuracy=0.984590
Epoch[14] Batch [2200]	Speed: 964.84 samples/sec	accuracy=0.986523
Epoch[14] Batch [2250]	Speed: 959.17 samples/sec	accuracy=0.984824
Epoch[14] Batch [2300]	Speed: 972.42 samples/sec	accuracy=0.984941
Epoch[14] Batch [2350]	Speed: 967.40 samples/sec	accuracy=0.985293
Epoch[14] Batch [2400]	Speed: 963.64 samples/sec	accuracy=0.986016
Epoch[14] Batch [2450]	Speed: 961.74 samples/sec	accuracy=0.986738
Epoch[14] Batch [2500]	Speed: 968.79 samples/sec	accuracy=0.986055
Epoch[14] Batch [2550]	Speed: 968.40 samples/sec	accuracy=0.984414
Epoch[14] Batch [2600]	Speed: 963.04 samples/sec	accuracy=0.985586
Epoch[14] Batch [2650]	Speed: 969.27 samples/sec	accuracy=0.985449
Epoch[14] Batch [2700]	Speed: 987.49 samples/sec	accuracy=0.985879
Epoch[14] Batch [2750]	Speed: 980.35 samples/sec	accuracy=0.984629
Epoch[14] Batch [2800]	Speed: 995.94 samples/sec	accuracy=0.985234
Epoch[14] Batch [2850]	Speed: 996.29 samples/sec	accuracy=0.983203
Epoch[14] Batch [2900]	Speed: 1002.78 samples/sec	accuracy=0.982656
Epoch[14] Batch [2950]	Speed: 994.71 samples/sec	accuracy=0.986191
Epoch[14] Batch [3000]	Speed: 998.91 samples/sec	accuracy=0.985293
Epoch[14] Batch [3050]	Speed: 1000.91 samples/sec	accuracy=0.985039
Epoch[14] Batch [3100]	Speed: 992.21 samples/sec	accuracy=0.985449
Epoch[14] Batch [3150]	Speed: 992.58 samples/sec	accuracy=0.986035
Epoch[14] Batch [3200]	Speed: 998.10 samples/sec	accuracy=0.986660
Epoch[14] Train-accuracy=0.985840
Epoch[14] Time cost=3339.872
Saved checkpoint to "./check_points/model-0015.params"
Saved optimizer state to "./check_points/model-0015.states"
Epoch[14] Validation-accuracy=0.980990
Epoch[15] Batch [50]	Speed: 1003.76 samples/sec	accuracy=0.986022
Epoch[15] Batch [100]	Speed: 985.48 samples/sec	accuracy=0.986387
Epoch[15] Batch [150]	Speed: 979.48 samples/sec	accuracy=0.984980
Epoch[15] Batch [200]	Speed: 992.09 samples/sec	accuracy=0.984355
Epoch[15] Batch [250]	Speed: 985.64 samples/sec	accuracy=0.985801
Epoch[15] Batch [300]	Speed: 968.11 samples/sec	accuracy=0.985703
Epoch[15] Batch [350]	Speed: 964.15 samples/sec	accuracy=0.984707
Epoch[15] Batch [400]	Speed: 959.24 samples/sec	accuracy=0.985508
Epoch[15] Batch [450]	Speed: 958.66 samples/sec	accuracy=0.986465
Epoch[15] Batch [500]	Speed: 957.97 samples/sec	accuracy=0.986465
Epoch[15] Batch [550]	Speed: 957.88 samples/sec	accuracy=0.986191
Epoch[15] Batch [600]	Speed: 963.81 samples/sec	accuracy=0.985488
Epoch[15] Batch [650]	Speed: 957.33 samples/sec	accuracy=0.986133
Epoch[15] Batch [700]	Speed: 944.17 samples/sec	accuracy=0.985410
Epoch[15] Batch [750]	Speed: 955.72 samples/sec	accuracy=0.986113
Epoch[15] Batch [800]	Speed: 950.61 samples/sec	accuracy=0.985508
Epoch[15] Batch [850]	Speed: 960.16 samples/sec	accuracy=0.986133
Epoch[15] Batch [900]	Speed: 981.75 samples/sec	accuracy=0.985820
Epoch[15] Batch [950]	Speed: 976.86 samples/sec	accuracy=0.987383
Epoch[15] Batch [1000]	Speed: 973.64 samples/sec	accuracy=0.986523
Epoch[15] Batch [1050]	Speed: 964.10 samples/sec	accuracy=0.985547
Epoch[15] Batch [1100]	Speed: 970.11 samples/sec	accuracy=0.986563
Epoch[15] Batch [1150]	Speed: 965.77 samples/sec	accuracy=0.987812
Epoch[15] Batch [1200]	Speed: 975.06 samples/sec	accuracy=0.987324
Epoch[15] Batch [1250]	Speed: 967.71 samples/sec	accuracy=0.987168
Epoch[15] Batch [1300]	Speed: 977.56 samples/sec	accuracy=0.986367
Epoch[15] Batch [1350]	Speed: 987.00 samples/sec	accuracy=0.986699
Epoch[15] Batch [1400]	Speed: 976.76 samples/sec	accuracy=0.986230
Epoch[15] Batch [1450]	Speed: 975.55 samples/sec	accuracy=0.986406
Epoch[15] Batch [1500]	Speed: 964.67 samples/sec	accuracy=0.986543
Epoch[15] Batch [1550]	Speed: 941.06 samples/sec	accuracy=0.986777
Epoch[15] Batch [1600]	Speed: 939.33 samples/sec	accuracy=0.987598
Epoch[15] Batch [1650]	Speed: 938.05 samples/sec	accuracy=0.985879
Epoch[15] Batch [1700]	Speed: 942.44 samples/sec	accuracy=0.986406
Epoch[15] Batch [1750]	Speed: 950.04 samples/sec	accuracy=0.987148
Epoch[15] Batch [1800]	Speed: 941.06 samples/sec	accuracy=0.986582
Epoch[15] Batch [1850]	Speed: 950.71 samples/sec	accuracy=0.987129
Epoch[15] Batch [1900]	Speed: 943.21 samples/sec	accuracy=0.986074
Epoch[15] Batch [1950]	Speed: 944.89 samples/sec	accuracy=0.986465
Epoch[15] Batch [2000]	Speed: 955.96 samples/sec	accuracy=0.987227
Epoch[15] Batch [2050]	Speed: 968.78 samples/sec	accuracy=0.985703
Epoch[15] Batch [2100]	Speed: 983.76 samples/sec	accuracy=0.986328
Epoch[15] Batch [2150]	Speed: 990.01 samples/sec	accuracy=0.985410
Epoch[15] Batch [2200]	Speed: 992.62 samples/sec	accuracy=0.987578
Epoch[15] Batch [2250]	Speed: 990.68 samples/sec	accuracy=0.985840
Epoch[15] Batch [2300]	Speed: 991.75 samples/sec	accuracy=0.986113
Epoch[15] Batch [2350]	Speed: 970.01 samples/sec	accuracy=0.987324
Epoch[15] Batch [2400]	Speed: 976.24 samples/sec	accuracy=0.986328
Epoch[15] Batch [2450]	Speed: 970.42 samples/sec	accuracy=0.987285
Epoch[15] Batch [2500]	Speed: 981.47 samples/sec	accuracy=0.981699
Epoch[15] Batch [2550]	Speed: 974.37 samples/sec	accuracy=0.984941
Epoch[15] Batch [2600]	Speed: 977.85 samples/sec	accuracy=0.986484
Epoch[15] Batch [2650]	Speed: 966.70 samples/sec	accuracy=0.986309
Epoch[15] Batch [2700]	Speed: 950.91 samples/sec	accuracy=0.986055
Epoch[15] Batch [2750]	Speed: 967.99 samples/sec	accuracy=0.983965
Epoch[15] Batch [2800]	Speed: 955.16 samples/sec	accuracy=0.985410
Epoch[15] Batch [2850]	Speed: 959.96 samples/sec	accuracy=0.985918
Epoch[15] Batch [2900]	Speed: 947.33 samples/sec	accuracy=0.983594
Epoch[15] Batch [2950]	Speed: 952.88 samples/sec	accuracy=0.986738
Epoch[15] Batch [3000]	Speed: 965.87 samples/sec	accuracy=0.986230
Epoch[15] Batch [3050]	Speed: 957.17 samples/sec	accuracy=0.986211
Epoch[15] Batch [3100]	Speed: 959.58 samples/sec	accuracy=0.986289
Epoch[15] Batch [3150]	Speed: 953.65 samples/sec	accuracy=0.986016
Epoch[15] Batch [3200]	Speed: 961.03 samples/sec	accuracy=0.987148
Epoch[15] Train-accuracy=0.987793
Epoch[15] Time cost=3396.953
Saved checkpoint to "./check_points/model-0016.params"
Saved optimizer state to "./check_points/model-0016.states"
Epoch[15] Validation-accuracy=0.981788
Epoch[16] Batch [50]	Speed: 971.38 samples/sec	accuracy=0.986481
Epoch[16] Batch [100]	Speed: 972.81 samples/sec	accuracy=0.987129
Epoch[16] Batch [150]	Speed: 970.25 samples/sec	accuracy=0.987617
Epoch[16] Batch [200]	Speed: 973.49 samples/sec	accuracy=0.986973
Epoch[16] Batch [250]	Speed: 957.69 samples/sec	accuracy=0.987402
Epoch[16] Batch [300]	Speed: 949.52 samples/sec	accuracy=0.987344
Epoch[16] Batch [350]	Speed: 960.81 samples/sec	accuracy=0.986738
Epoch[16] Batch [400]	Speed: 959.19 samples/sec	accuracy=0.988066
Epoch[16] Batch [450]	Speed: 963.22 samples/sec	accuracy=0.987520
Epoch[16] Batch [500]	Speed: 977.44 samples/sec	accuracy=0.986953
Epoch[16] Batch [550]	Speed: 968.09 samples/sec	accuracy=0.986738
Epoch[16] Batch [600]	Speed: 947.39 samples/sec	accuracy=0.986855
Epoch[16] Batch [650]	Speed: 958.46 samples/sec	accuracy=0.988457
Epoch[16] Batch [700]	Speed: 951.21 samples/sec	accuracy=0.987344
Epoch[16] Batch [750]	Speed: 945.07 samples/sec	accuracy=0.987207
Epoch[16] Batch [800]	Speed: 961.32 samples/sec	accuracy=0.987559
Epoch[16] Batch [850]	Speed: 965.87 samples/sec	accuracy=0.987246
Epoch[16] Batch [900]	Speed: 964.67 samples/sec	accuracy=0.984297
Epoch[16] Batch [950]	Speed: 962.65 samples/sec	accuracy=0.986406
Epoch[16] Batch [1000]	Speed: 958.57 samples/sec	accuracy=0.985645
Epoch[16] Batch [1050]	Speed: 956.00 samples/sec	accuracy=0.985918
Epoch[16] Batch [1100]	Speed: 956.01 samples/sec	accuracy=0.987656
Epoch[16] Batch [1150]	Speed: 988.88 samples/sec	accuracy=0.988633
Epoch[16] Batch [1200]	Speed: 992.29 samples/sec	accuracy=0.987187
Epoch[16] Batch [1250]	Speed: 985.31 samples/sec	accuracy=0.986152
Epoch[16] Batch [1300]	Speed: 939.59 samples/sec	accuracy=0.986816
Epoch[16] Batch [1350]	Speed: 942.05 samples/sec	accuracy=0.985996
Epoch[16] Batch [1400]	Speed: 936.84 samples/sec	accuracy=0.985039
Epoch[16] Batch [1450]	Speed: 938.11 samples/sec	accuracy=0.986543
Epoch[16] Batch [1500]	Speed: 931.98 samples/sec	accuracy=0.987793
Epoch[16] Batch [1550]	Speed: 940.20 samples/sec	accuracy=0.987793
Epoch[16] Batch [1600]	Speed: 930.57 samples/sec	accuracy=0.987930
Epoch[16] Batch [1650]	Speed: 927.12 samples/sec	accuracy=0.987422
Epoch[16] Batch [1700]	Speed: 912.05 samples/sec	accuracy=0.987344
Epoch[16] Batch [1750]	Speed: 914.05 samples/sec	accuracy=0.987773
Epoch[16] Batch [1800]	Speed: 917.79 samples/sec	accuracy=0.987539
Epoch[16] Batch [1850]	Speed: 924.78 samples/sec	accuracy=0.987969
Epoch[16] Batch [1900]	Speed: 928.05 samples/sec	accuracy=0.987480
Epoch[16] Batch [1950]	Speed: 927.77 samples/sec	accuracy=0.987930
Epoch[16] Batch [2000]	Speed: 923.24 samples/sec	accuracy=0.988984
Epoch[16] Batch [2050]	Speed: 924.94 samples/sec	accuracy=0.987969
Epoch[16] Batch [2100]	Speed: 924.28 samples/sec	accuracy=0.987637
Epoch[16] Batch [2150]	Speed: 933.15 samples/sec	accuracy=0.987324
Epoch[16] Batch [2200]	Speed: 927.78 samples/sec	accuracy=0.988867
Epoch[16] Batch [2250]	Speed: 928.82 samples/sec	accuracy=0.987734
Epoch[16] Batch [2300]	Speed: 940.51 samples/sec	accuracy=0.987207
Epoch[16] Batch [2350]	Speed: 944.09 samples/sec	accuracy=0.988379
Epoch[16] Batch [2400]	Speed: 965.19 samples/sec	accuracy=0.988281
Epoch[16] Batch [2450]	Speed: 956.92 samples/sec	accuracy=0.988770
Epoch[16] Batch [2500]	Speed: 962.60 samples/sec	accuracy=0.988418
Epoch[16] Batch [2550]	Speed: 952.94 samples/sec	accuracy=0.986914
Epoch[16] Batch [2600]	Speed: 955.47 samples/sec	accuracy=0.987031
Epoch[16] Batch [2650]	Speed: 963.97 samples/sec	accuracy=0.986211
Epoch[16] Batch [2700]	Speed: 954.65 samples/sec	accuracy=0.987246
Epoch[16] Batch [2750]	Speed: 965.11 samples/sec	accuracy=0.987187
Epoch[16] Batch [2800]	Speed: 955.99 samples/sec	accuracy=0.987402
Epoch[16] Batch [2850]	Speed: 943.35 samples/sec	accuracy=0.987617
Epoch[16] Batch [2900]	Speed: 940.33 samples/sec	accuracy=0.986621
Epoch[16] Batch [2950]	Speed: 949.05 samples/sec	accuracy=0.987051
Epoch[16] Batch [3000]	Speed: 940.97 samples/sec	accuracy=0.986641
Epoch[16] Batch [3050]	Speed: 941.17 samples/sec	accuracy=0.987520
Epoch[16] Batch [3100]	Speed: 935.35 samples/sec	accuracy=0.986602
Epoch[16] Batch [3150]	Speed: 932.99 samples/sec	accuracy=0.987637
Epoch[16] Batch [3200]	Speed: 939.88 samples/sec	accuracy=0.987969
Epoch[16] Train-accuracy=0.984863
Epoch[16] Time cost=3457.820
Saved checkpoint to "./check_points/model-0017.params"
Saved optimizer state to "./check_points/model-0017.states"
Epoch[16] Validation-accuracy=0.981920
Epoch[17] Batch [50]	Speed: 950.51 samples/sec	accuracy=0.987554
Epoch[17] Batch [100]	Speed: 952.51 samples/sec	accuracy=0.989297
Epoch[17] Batch [150]	Speed: 953.05 samples/sec	accuracy=0.988496
Epoch[17] Batch [200]	Speed: 945.57 samples/sec	accuracy=0.987422
Epoch[17] Batch [250]	Speed: 951.60 samples/sec	accuracy=0.988398
Epoch[17] Batch [300]	Speed: 958.69 samples/sec	accuracy=0.989160
Epoch[17] Batch [350]	Speed: 965.16 samples/sec	accuracy=0.987559
Epoch[17] Batch [400]	Speed: 963.42 samples/sec	accuracy=0.989570
Epoch[17] Batch [450]	Speed: 946.25 samples/sec	accuracy=0.989062
Epoch[17] Batch [500]	Speed: 914.32 samples/sec	accuracy=0.988633
Epoch[17] Batch [550]	Speed: 924.02 samples/sec	accuracy=0.988418
Epoch[17] Batch [600]	Speed: 924.15 samples/sec	accuracy=0.989043
Epoch[17] Batch [650]	Speed: 931.85 samples/sec	accuracy=0.989492
Epoch[17] Batch [700]	Speed: 923.80 samples/sec	accuracy=0.988848
Epoch[17] Batch [750]	Speed: 930.56 samples/sec	accuracy=0.988926
Epoch[17] Batch [800]	Speed: 923.70 samples/sec	accuracy=0.988105
Epoch[17] Batch [850]	Speed: 923.14 samples/sec	accuracy=0.987988
Epoch[17] Batch [900]	Speed: 926.39 samples/sec	accuracy=0.988242
Epoch[17] Batch [950]	Speed: 928.81 samples/sec	accuracy=0.989258
Epoch[17] Batch [1000]	Speed: 931.73 samples/sec	accuracy=0.988027
Epoch[17] Batch [1050]	Speed: 949.70 samples/sec	accuracy=0.988301
Epoch[17] Batch [1100]	Speed: 937.46 samples/sec	accuracy=0.988457
Epoch[17] Batch [1150]	Speed: 932.35 samples/sec	accuracy=0.989277
Epoch[17] Batch [1200]	Speed: 938.07 samples/sec	accuracy=0.989512
Epoch[17] Batch [1250]	Speed: 927.21 samples/sec	accuracy=0.989180
Epoch[17] Batch [1300]	Speed: 939.98 samples/sec	accuracy=0.988809
Epoch[17] Batch [1350]	Speed: 924.57 samples/sec	accuracy=0.988906
Epoch[17] Batch [1400]	Speed: 918.16 samples/sec	accuracy=0.988672
Epoch[17] Batch [1450]	Speed: 912.71 samples/sec	accuracy=0.989180
Epoch[17] Batch [1500]	Speed: 917.77 samples/sec	accuracy=0.989004
Epoch[17] Batch [1550]	Speed: 931.18 samples/sec	accuracy=0.988887
Epoch[17] Batch [1600]	Speed: 946.57 samples/sec	accuracy=0.989531
Epoch[17] Batch [1650]	Speed: 954.18 samples/sec	accuracy=0.988320
Epoch[17] Batch [1700]	Speed: 958.48 samples/sec	accuracy=0.988477
Epoch[17] Batch [1750]	Speed: 957.87 samples/sec	accuracy=0.988535
Epoch[17] Batch [1800]	Speed: 960.96 samples/sec	accuracy=0.989258
Epoch[17] Batch [1850]	Speed: 947.68 samples/sec	accuracy=0.989590
Epoch[17] Batch [1900]	Speed: 936.29 samples/sec	accuracy=0.989453
Epoch[17] Batch [1950]	Speed: 940.79 samples/sec	accuracy=0.988867
Epoch[17] Batch [2000]	Speed: 939.26 samples/sec	accuracy=0.988848
Epoch[17] Batch [2050]	Speed: 940.77 samples/sec	accuracy=0.989258
Epoch[17] Batch [2100]	Speed: 935.81 samples/sec	accuracy=0.988125
Epoch[17] Batch [2150]	Speed: 937.35 samples/sec	accuracy=0.988691
Epoch[17] Batch [2200]	Speed: 933.74 samples/sec	accuracy=0.989629
Epoch[17] Batch [2250]	Speed: 927.78 samples/sec	accuracy=0.988730
Epoch[17] Batch [2300]	Speed: 928.43 samples/sec	accuracy=0.988770
Epoch[17] Batch [2350]	Speed: 934.42 samples/sec	accuracy=0.988906
Epoch[17] Batch [2400]	Speed: 931.33 samples/sec	accuracy=0.988867
Epoch[17] Batch [2450]	Speed: 959.40 samples/sec	accuracy=0.988555
Epoch[17] Batch [2500]	Speed: 959.36 samples/sec	accuracy=0.988691
Epoch[17] Batch [2550]	Speed: 946.74 samples/sec	accuracy=0.988633
Epoch[17] Batch [2600]	Speed: 951.46 samples/sec	accuracy=0.989805
Epoch[17] Batch [2650]	Speed: 949.87 samples/sec	accuracy=0.988027
Epoch[17] Batch [2700]	Speed: 966.19 samples/sec	accuracy=0.988750
Epoch[17] Batch [2750]	Speed: 963.24 samples/sec	accuracy=0.988437
Epoch[17] Batch [2800]	Speed: 965.77 samples/sec	accuracy=0.988184
Epoch[17] Batch [2850]	Speed: 966.66 samples/sec	accuracy=0.988477
Epoch[17] Batch [2900]	Speed: 959.49 samples/sec	accuracy=0.988398
Epoch[17] Batch [2950]	Speed: 963.15 samples/sec	accuracy=0.989746
Epoch[17] Batch [3000]	Speed: 957.49 samples/sec	accuracy=0.989492
Epoch[17] Batch [3050]	Speed: 960.48 samples/sec	accuracy=0.989336
Epoch[17] Batch [3100]	Speed: 970.77 samples/sec	accuracy=0.989277
Epoch[17] Batch [3150]	Speed: 973.57 samples/sec	accuracy=0.989570
Epoch[17] Batch [3200]	Speed: 978.20 samples/sec	accuracy=0.989746
Epoch[17] Train-accuracy=0.990234
Epoch[17] Time cost=3476.300
Saved checkpoint to "./check_points/model-0018.params"
Saved optimizer state to "./check_points/model-0018.states"
Epoch[17] Validation-accuracy=0.983478
Epoch[18] Batch [50]	Speed: 940.86 samples/sec	accuracy=0.989334
Epoch[18] Batch [100]	Speed: 940.27 samples/sec	accuracy=0.990020
Epoch[18] Batch [150]	Speed: 926.51 samples/sec	accuracy=0.989746
Epoch[18] Batch [200]	Speed: 940.37 samples/sec	accuracy=0.988867
Epoch[18] Batch [250]	Speed: 947.20 samples/sec	accuracy=0.989473
Epoch[18] Batch [300]	Speed: 942.05 samples/sec	accuracy=0.989199
Epoch[18] Batch [350]	Speed: 927.69 samples/sec	accuracy=0.988945
Epoch[18] Batch [400]	Speed: 928.77 samples/sec	accuracy=0.990020
Epoch[18] Batch [450]	Speed: 928.07 samples/sec	accuracy=0.989844
Epoch[18] Batch [500]	Speed: 931.73 samples/sec	accuracy=0.990078
Epoch[18] Batch [550]	Speed: 930.02 samples/sec	accuracy=0.989844
Epoch[18] Batch [600]	Speed: 930.43 samples/sec	accuracy=0.989375
Epoch[18] Batch [650]	Speed: 935.05 samples/sec	accuracy=0.989902
Epoch[18] Batch [700]	Speed: 931.57 samples/sec	accuracy=0.990117
Epoch[18] Batch [750]	Speed: 931.13 samples/sec	accuracy=0.989844
Epoch[18] Batch [800]	Speed: 927.89 samples/sec	accuracy=0.989062
Epoch[18] Batch [850]	Speed: 944.24 samples/sec	accuracy=0.988906
Epoch[18] Batch [900]	Speed: 965.36 samples/sec	accuracy=0.988809
Epoch[18] Batch [950]	Speed: 960.94 samples/sec	accuracy=0.989492
Epoch[18] Batch [1000]	Speed: 949.49 samples/sec	accuracy=0.989043
Epoch[18] Batch [1050]	Speed: 962.66 samples/sec	accuracy=0.989219
Epoch[18] Batch [1100]	Speed: 953.11 samples/sec	accuracy=0.989453
Epoch[18] Batch [1150]	Speed: 974.77 samples/sec	accuracy=0.990410
Epoch[18] Batch [1200]	Speed: 964.06 samples/sec	accuracy=0.990000
Epoch[18] Batch [1250]	Speed: 969.54 samples/sec	accuracy=0.990176
Epoch[18] Batch [1300]	Speed: 971.13 samples/sec	accuracy=0.989727
Epoch[18] Batch [1350]	Speed: 951.10 samples/sec	accuracy=0.989434
Epoch[18] Batch [1400]	Speed: 962.44 samples/sec	accuracy=0.988809
Epoch[18] Batch [1450]	Speed: 960.59 samples/sec	accuracy=0.988633
Epoch[18] Batch [1500]	Speed: 958.01 samples/sec	accuracy=0.989219
Epoch[18] Batch [1550]	Speed: 959.27 samples/sec	accuracy=0.989570
Epoch[18] Batch [1600]	Speed: 961.54 samples/sec	accuracy=0.990078
Epoch[18] Batch [1650]	Speed: 951.00 samples/sec	accuracy=0.988867
Epoch[18] Batch [1700]	Speed: 923.00 samples/sec	accuracy=0.989102
Epoch[18] Batch [1750]	Speed: 931.19 samples/sec	accuracy=0.989492
Epoch[18] Batch [1800]	Speed: 933.91 samples/sec	accuracy=0.990117
Epoch[18] Batch [1850]	Speed: 927.10 samples/sec	accuracy=0.989688
Epoch[18] Batch [1900]	Speed: 940.96 samples/sec	accuracy=0.989727
Epoch[18] Batch [1950]	Speed: 943.90 samples/sec	accuracy=0.990371
Epoch[18] Batch [2000]	Speed: 931.15 samples/sec	accuracy=0.990410
Epoch[18] Batch [2050]	Speed: 940.13 samples/sec	accuracy=0.990273
Epoch[18] Batch [2100]	Speed: 930.46 samples/sec	accuracy=0.989863
Epoch[18] Batch [2150]	Speed: 936.82 samples/sec	accuracy=0.989277
Epoch[18] Batch [2200]	Speed: 930.13 samples/sec	accuracy=0.990000
Epoch[18] Batch [2250]	Speed: 930.74 samples/sec	accuracy=0.988437
Epoch[18] Batch [2300]	Speed: 932.23 samples/sec	accuracy=0.989023
Epoch[18] Batch [2350]	Speed: 937.96 samples/sec	accuracy=0.990215
Epoch[18] Batch [2400]	Speed: 929.71 samples/sec	accuracy=0.990078
Epoch[18] Batch [2450]	Speed: 919.07 samples/sec	accuracy=0.990469
Epoch[18] Batch [2500]	Speed: 917.30 samples/sec	accuracy=0.989766
Epoch[18] Batch [2550]	Speed: 918.89 samples/sec	accuracy=0.984492
Epoch[18] Batch [2600]	Speed: 908.18 samples/sec	accuracy=0.983984
Epoch[18] Batch [2650]	Speed: 904.24 samples/sec	accuracy=0.987617
Epoch[18] Batch [2700]	Speed: 914.97 samples/sec	accuracy=0.987949
Epoch[18] Batch [2750]	Speed: 922.20 samples/sec	accuracy=0.987383
Epoch[18] Batch [2800]	Speed: 942.64 samples/sec	accuracy=0.988691
Epoch[18] Batch [2850]	Speed: 945.21 samples/sec	accuracy=0.988789
Epoch[18] Batch [2900]	Speed: 944.70 samples/sec	accuracy=0.988105
Epoch[18] Batch [2950]	Speed: 944.90 samples/sec	accuracy=0.989922
Epoch[18] Batch [3000]	Speed: 929.46 samples/sec	accuracy=0.990176
Epoch[18] Batch [3050]	Speed: 928.11 samples/sec	accuracy=0.990000
Epoch[18] Batch [3100]	Speed: 941.27 samples/sec	accuracy=0.989082
Epoch[18] Batch [3150]	Speed: 934.42 samples/sec	accuracy=0.989570
Epoch[18] Batch [3200]	Speed: 944.94 samples/sec	accuracy=0.990195
Epoch[18] Train-accuracy=0.986328
Epoch[18] Time cost=3492.743
Saved checkpoint to "./check_points/model-0019.params"
Saved optimizer state to "./check_points/model-0019.states"
Epoch[18] Validation-accuracy=0.984271
Epoch[19] Batch [50]	Speed: 937.28 samples/sec	accuracy=0.989813
Epoch[19] Batch [100]	Speed: 928.45 samples/sec	accuracy=0.990176
Epoch[19] Batch [150]	Speed: 924.81 samples/sec	accuracy=0.990098
Epoch[19] Batch [200]	Speed: 931.93 samples/sec	accuracy=0.989219
Epoch[19] Batch [250]	Speed: 951.75 samples/sec	accuracy=0.990723
Epoch[19] Batch [300]	Speed: 958.39 samples/sec	accuracy=0.990098
Epoch[19] Batch [350]	Speed: 939.78 samples/sec	accuracy=0.990020
Epoch[19] Batch [400]	Speed: 948.75 samples/sec	accuracy=0.990117
Epoch[19] Batch [450]	Speed: 944.24 samples/sec	accuracy=0.990254
Epoch[19] Batch [500]	Speed: 949.29 samples/sec	accuracy=0.989863
Epoch[19] Batch [550]	Speed: 949.14 samples/sec	accuracy=0.990293
Epoch[19] Batch [600]	Speed: 950.71 samples/sec	accuracy=0.990176
Epoch[19] Batch [650]	Speed: 947.70 samples/sec	accuracy=0.990957
Epoch[19] Batch [700]	Speed: 949.75 samples/sec	accuracy=0.989590
Epoch[19] Batch [750]	Speed: 947.65 samples/sec	accuracy=0.989082
Epoch[19] Batch [800]	Speed: 950.79 samples/sec	accuracy=0.989805
Epoch[19] Batch [850]	Speed: 964.04 samples/sec	accuracy=0.989844
Epoch[19] Batch [900]	Speed: 962.47 samples/sec	accuracy=0.990098
Epoch[19] Batch [950]	Speed: 961.99 samples/sec	accuracy=0.989609
Epoch[19] Batch [1000]	Speed: 970.13 samples/sec	accuracy=0.988477
Epoch[19] Batch [1050]	Speed: 960.34 samples/sec	accuracy=0.989258
Epoch[19] Batch [1100]	Speed: 970.74 samples/sec	accuracy=0.989883
Epoch[19] Batch [1150]	Speed: 973.12 samples/sec	accuracy=0.990488
Epoch[19] Batch [1200]	Speed: 990.27 samples/sec	accuracy=0.990703
Epoch[19] Batch [1250]	Speed: 983.48 samples/sec	accuracy=0.990352
Epoch[19] Batch [1300]	Speed: 980.35 samples/sec	accuracy=0.990723
Epoch[19] Batch [1350]	Speed: 983.28 samples/sec	accuracy=0.990234
Epoch[19] Batch [1400]	Speed: 976.16 samples/sec	accuracy=0.990020
Epoch[19] Batch [1450]	Speed: 972.38 samples/sec	accuracy=0.990469
Epoch[19] Batch [1500]	Speed: 968.35 samples/sec	accuracy=0.990195
Epoch[19] Batch [1550]	Speed: 972.00 samples/sec	accuracy=0.990215
Epoch[19] Batch [1600]	Speed: 972.00 samples/sec	accuracy=0.990781
Epoch[19] Batch [1650]	Speed: 969.25 samples/sec	accuracy=0.989180
Epoch[19] Batch [1700]	Speed: 965.96 samples/sec	accuracy=0.989688
Epoch[19] Batch [1750]	Speed: 952.88 samples/sec	accuracy=0.989551
Epoch[19] Batch [1800]	Speed: 976.87 samples/sec	accuracy=0.989785
Epoch[19] Batch [1850]	Speed: 954.58 samples/sec	accuracy=0.990059
Epoch[19] Batch [1900]	Speed: 973.53 samples/sec	accuracy=0.989551
Epoch[19] Batch [1950]	Speed: 967.37 samples/sec	accuracy=0.990313
Epoch[19] Batch [2000]	Speed: 978.99 samples/sec	accuracy=0.990918
Epoch[19] Batch [2050]	Speed: 984.18 samples/sec	accuracy=0.990371
Epoch[19] Batch [2100]	Speed: 974.48 samples/sec	accuracy=0.986348
Epoch[19] Batch [2150]	Speed: 976.25 samples/sec	accuracy=0.986582
Epoch[19] Batch [2200]	Speed: 972.74 samples/sec	accuracy=0.988945
Epoch[19] Batch [2250]	Speed: 976.25 samples/sec	accuracy=0.988730
Epoch[19] Batch [2300]	Speed: 979.23 samples/sec	accuracy=0.989492
Epoch[19] Batch [2350]	Speed: 971.41 samples/sec	accuracy=0.989453
Epoch[19] Batch [2400]	Speed: 965.86 samples/sec	accuracy=0.990254
Epoch[19] Batch [2450]	Speed: 969.05 samples/sec	accuracy=0.989453
Epoch[19] Batch [2500]	Speed: 962.73 samples/sec	accuracy=0.989746
Epoch[19] Batch [2550]	Speed: 966.67 samples/sec	accuracy=0.989375
Epoch[19] Batch [2600]	Speed: 967.45 samples/sec	accuracy=0.991094
Epoch[19] Batch [2650]	Speed: 964.26 samples/sec	accuracy=0.990156
Epoch[19] Batch [2700]	Speed: 968.17 samples/sec	accuracy=0.990430
Epoch[19] Batch [2750]	Speed: 971.79 samples/sec	accuracy=0.989785
Epoch[19] Batch [2800]	Speed: 957.96 samples/sec	accuracy=0.990234
Epoch[19] Batch [2850]	Speed: 960.25 samples/sec	accuracy=0.990293
Epoch[19] Batch [2900]	Speed: 956.48 samples/sec	accuracy=0.989004
Epoch[19] Batch [2950]	Speed: 966.86 samples/sec	accuracy=0.990625
Epoch[19] Batch [3000]	Speed: 959.25 samples/sec	accuracy=0.990762
Epoch[19] Batch [3050]	Speed: 960.34 samples/sec	accuracy=0.990645
Epoch[19] Batch [3100]	Speed: 955.32 samples/sec	accuracy=0.989805
Epoch[19] Batch [3150]	Speed: 957.75 samples/sec	accuracy=0.990273
Epoch[19] Batch [3200]	Speed: 961.96 samples/sec	accuracy=0.990840
Epoch[19] Train-accuracy=0.988281
Epoch[19] Time cost=3407.594
Saved checkpoint to "./check_points/model-0020.params"
Saved optimizer state to "./check_points/model-0020.states"
Epoch[19] Validation-accuracy=0.985033
Loaded model ./check_points/model_0020.params
Epoch[20] Batch [50]	Speed: 1010.40 samples/sec	accuracy=0.990024
Epoch[20] Batch [100]	Speed: 1010.23 samples/sec	accuracy=0.991895
Epoch[20] Batch [150]	Speed: 995.38 samples/sec	accuracy=0.991621
Epoch[20] Batch [200]	Speed: 989.70 samples/sec	accuracy=0.991367
Epoch[20] Batch [250]	Speed: 993.48 samples/sec	accuracy=0.991641
Epoch[20] Batch [300]	Speed: 990.99 samples/sec	accuracy=0.991680
Epoch[20] Batch [350]	Speed: 989.92 samples/sec	accuracy=0.991191
Epoch[20] Batch [400]	Speed: 998.27 samples/sec	accuracy=0.992461
Epoch[20] Batch [450]	Speed: 986.05 samples/sec	accuracy=0.992070
Epoch[20] Batch [500]	Speed: 980.90 samples/sec	accuracy=0.992012
Epoch[20] Batch [550]	Speed: 975.52 samples/sec	accuracy=0.992012
Epoch[20] Batch [600]	Speed: 972.58 samples/sec	accuracy=0.991699
Epoch[20] Batch [650]	Speed: 981.19 samples/sec	accuracy=0.992441
Epoch[20] Batch [700]	Speed: 942.69 samples/sec	accuracy=0.991758
Epoch[20] Batch [750]	Speed: 926.29 samples/sec	accuracy=0.992188
Epoch[20] Batch [800]	Speed: 924.23 samples/sec	accuracy=0.992148
Epoch[20] Batch [850]	Speed: 921.16 samples/sec	accuracy=0.992012
Epoch[20] Batch [900]	Speed: 915.01 samples/sec	accuracy=0.992402
Epoch[20] Batch [950]	Speed: 923.66 samples/sec	accuracy=0.992344
Epoch[20] Batch [1000]	Speed: 917.45 samples/sec	accuracy=0.991523
Epoch[20] Batch [1050]	Speed: 936.75 samples/sec	accuracy=0.991406
Epoch[20] Batch [1100]	Speed: 927.14 samples/sec	accuracy=0.992344
Epoch[20] Batch [1150]	Speed: 938.23 samples/sec	accuracy=0.992734
Epoch[20] Batch [1200]	Speed: 934.19 samples/sec	accuracy=0.992480
Epoch[20] Batch [1250]	Speed: 935.94 samples/sec	accuracy=0.992539
Epoch[20] Batch [1300]	Speed: 940.53 samples/sec	accuracy=0.991875
Epoch[20] Batch [1350]	Speed: 935.44 samples/sec	accuracy=0.992344
Epoch[20] Batch [1400]	Speed: 941.16 samples/sec	accuracy=0.992715
Epoch[20] Batch [1450]	Speed: 930.16 samples/sec	accuracy=0.992090
Epoch[20] Batch [1500]	Speed: 943.69 samples/sec	accuracy=0.992676
Epoch[20] Batch [1550]	Speed: 940.59 samples/sec	accuracy=0.992305
Epoch[20] Batch [1600]	Speed: 940.27 samples/sec	accuracy=0.992617
Epoch[20] Batch [1650]	Speed: 940.22 samples/sec	accuracy=0.991699
Epoch[20] Batch [1700]	Speed: 932.90 samples/sec	accuracy=0.991582
Epoch[20] Batch [1750]	Speed: 936.27 samples/sec	accuracy=0.992070
Epoch[20] Batch [1800]	Speed: 994.49 samples/sec	accuracy=0.992578
Epoch[20] Batch [1850]	Speed: 990.19 samples/sec	accuracy=0.993086
Epoch[20] Batch [1900]	Speed: 988.02 samples/sec	accuracy=0.992461
Epoch[20] Batch [1950]	Speed: 987.74 samples/sec	accuracy=0.992656
Epoch[20] Batch [2000]	Speed: 973.23 samples/sec	accuracy=0.993125
Epoch[20] Batch [2050]	Speed: 990.59 samples/sec	accuracy=0.992695
Epoch[20] Batch [2100]	Speed: 976.51 samples/sec	accuracy=0.992266
Epoch[20] Batch [2150]	Speed: 992.27 samples/sec	accuracy=0.992402
Epoch[20] Batch [2200]	Speed: 983.36 samples/sec	accuracy=0.993184
Epoch[20] Batch [2250]	Speed: 984.12 samples/sec	accuracy=0.992285
Epoch[20] Batch [2300]	Speed: 984.80 samples/sec	accuracy=0.992520
Epoch[20] Batch [2350]	Speed: 985.51 samples/sec	accuracy=0.992129
Epoch[20] Batch [2400]	Speed: 979.37 samples/sec	accuracy=0.992969
Epoch[20] Batch [2450]	Speed: 988.86 samples/sec	accuracy=0.992910
Epoch[20] Batch [2500]	Speed: 984.70 samples/sec	accuracy=0.992773
Epoch[20] Batch [2550]	Speed: 986.18 samples/sec	accuracy=0.992012
Epoch[20] Batch [2600]	Speed: 989.05 samples/sec	accuracy=0.993652
Epoch[20] Batch [2650]	Speed: 979.95 samples/sec	accuracy=0.992969
Epoch[20] Batch [2700]	Speed: 981.71 samples/sec	accuracy=0.993340
Epoch[20] Batch [2750]	Speed: 985.50 samples/sec	accuracy=0.992734
Epoch[20] Batch [2800]	Speed: 987.75 samples/sec	accuracy=0.992871
Epoch[20] Batch [2850]	Speed: 983.72 samples/sec	accuracy=0.992930
Epoch[20] Batch [2900]	Speed: 984.72 samples/sec	accuracy=0.992051
Epoch[20] Batch [2950]	Speed: 942.17 samples/sec	accuracy=0.993594
Epoch[20] Batch [3000]	Speed: 932.24 samples/sec	accuracy=0.993574
Epoch[20] Batch [3050]	Speed: 931.47 samples/sec	accuracy=0.993340
Epoch[20] Batch [3100]	Speed: 923.84 samples/sec	accuracy=0.993301
Epoch[20] Batch [3150]	Speed: 916.80 samples/sec	accuracy=0.993125
Epoch[20] Batch [3200]	Speed: 933.01 samples/sec	accuracy=0.993457
Epoch[20] Train-accuracy=0.994141
Epoch[20] Time cost=3422.645
Saved checkpoint to "./check_points/model-0021.params"
Saved optimizer state to "./check_points/model-0021.states"
Epoch[20] Validation-accuracy=0.987028
Epoch[21] Batch [50]	Speed: 969.82 samples/sec	accuracy=0.992341
Epoch[21] Batch [100]	Speed: 973.62 samples/sec	accuracy=0.992988
Epoch[21] Batch [150]	Speed: 980.06 samples/sec	accuracy=0.992578
Epoch[21] Batch [200]	Speed: 974.36 samples/sec	accuracy=0.992207
Epoch[21] Batch [250]	Speed: 980.09 samples/sec	accuracy=0.992676
Epoch[21] Batch [300]	Speed: 978.03 samples/sec	accuracy=0.992578
Epoch[21] Batch [350]	Speed: 971.61 samples/sec	accuracy=0.992383
Epoch[21] Batch [400]	Speed: 973.00 samples/sec	accuracy=0.993262
Epoch[21] Batch [450]	Speed: 970.76 samples/sec	accuracy=0.992695
Epoch[21] Batch [500]	Speed: 933.14 samples/sec	accuracy=0.992832
Epoch[21] Batch [550]	Speed: 927.68 samples/sec	accuracy=0.992715
Epoch[21] Batch [600]	Speed: 927.83 samples/sec	accuracy=0.992578
Epoch[21] Batch [650]	Speed: 916.39 samples/sec	accuracy=0.993242
Epoch[21] Batch [700]	Speed: 924.42 samples/sec	accuracy=0.992598
Epoch[21] Batch [750]	Speed: 924.00 samples/sec	accuracy=0.993125
Epoch[21] Batch [800]	Speed: 919.95 samples/sec	accuracy=0.992793
Epoch[21] Batch [850]	Speed: 913.52 samples/sec	accuracy=0.992598
Epoch[21] Batch [900]	Speed: 910.13 samples/sec	accuracy=0.992773
Epoch[21] Batch [950]	Speed: 912.83 samples/sec	accuracy=0.992852
Epoch[21] Batch [1000]	Speed: 911.37 samples/sec	accuracy=0.991934
Epoch[21] Batch [1050]	Speed: 938.05 samples/sec	accuracy=0.992246
Epoch[21] Batch [1100]	Speed: 941.64 samples/sec	accuracy=0.992695
Epoch[21] Batch [1150]	Speed: 925.38 samples/sec	accuracy=0.993711
Epoch[21] Batch [1200]	Speed: 937.59 samples/sec	accuracy=0.993105
Epoch[21] Batch [1250]	Speed: 943.77 samples/sec	accuracy=0.992852
Epoch[21] Batch [1300]	Speed: 948.64 samples/sec	accuracy=0.992637
Epoch[21] Batch [1350]	Speed: 942.41 samples/sec	accuracy=0.992949
Epoch[21] Batch [1400]	Speed: 944.58 samples/sec	accuracy=0.993203
Epoch[21] Batch [1450]	Speed: 951.49 samples/sec	accuracy=0.992930
Epoch[21] Batch [1500]	Speed: 947.21 samples/sec	accuracy=0.992891
Epoch[21] Batch [1550]	Speed: 944.12 samples/sec	accuracy=0.992852
Epoch[21] Batch [1600]	Speed: 920.38 samples/sec	accuracy=0.993750
Epoch[21] Batch [1650]	Speed: 909.37 samples/sec	accuracy=0.992246
Epoch[21] Batch [1700]	Speed: 897.02 samples/sec	accuracy=0.991602
Epoch[21] Batch [1750]	Speed: 896.32 samples/sec	accuracy=0.992930
Epoch[21] Batch [1800]	Speed: 900.36 samples/sec	accuracy=0.993242
Epoch[21] Batch [1850]	Speed: 894.46 samples/sec	accuracy=0.993535
Epoch[21] Batch [1900]	Speed: 903.73 samples/sec	accuracy=0.992988
Epoch[21] Batch [1950]	Speed: 903.59 samples/sec	accuracy=0.992969
Epoch[21] Batch [2000]	Speed: 900.51 samples/sec	accuracy=0.993496
Epoch[21] Batch [2050]	Speed: 903.85 samples/sec	accuracy=0.993145
Epoch[21] Batch [2100]	Speed: 919.14 samples/sec	accuracy=0.992285
Epoch[21] Batch [2150]	Speed: 946.72 samples/sec	accuracy=0.992793
Epoch[21] Batch [2200]	Speed: 966.18 samples/sec	accuracy=0.993496
Epoch[21] Batch [2250]	Speed: 973.28 samples/sec	accuracy=0.992715
Epoch[21] Batch [2300]	Speed: 983.14 samples/sec	accuracy=0.992754
Epoch[21] Batch [2350]	Speed: 962.20 samples/sec	accuracy=0.992949
Epoch[21] Batch [2400]	Speed: 979.51 samples/sec	accuracy=0.993105
Epoch[21] Batch [2450]	Speed: 961.65 samples/sec	accuracy=0.993398
Epoch[21] Batch [2500]	Speed: 974.25 samples/sec	accuracy=0.992852
Epoch[21] Batch [2550]	Speed: 968.87 samples/sec	accuracy=0.992500
Epoch[21] Batch [2600]	Speed: 963.76 samples/sec	accuracy=0.994082
Epoch[21] Batch [2650]	Speed: 980.72 samples/sec	accuracy=0.993242
Epoch[21] Batch [2700]	Speed: 949.12 samples/sec	accuracy=0.993164
Epoch[21] Batch [2750]	Speed: 957.99 samples/sec	accuracy=0.992793
Epoch[21] Batch [2800]	Speed: 955.40 samples/sec	accuracy=0.992969
Epoch[21] Batch [2850]	Speed: 955.86 samples/sec	accuracy=0.993203
Epoch[21] Batch [2900]	Speed: 951.94 samples/sec	accuracy=0.992246
Epoch[21] Batch [2950]	Speed: 957.32 samples/sec	accuracy=0.993945
Epoch[21] Batch [3000]	Speed: 957.19 samples/sec	accuracy=0.993516
Epoch[21] Batch [3050]	Speed: 966.16 samples/sec	accuracy=0.993730
Epoch[21] Batch [3100]	Speed: 966.12 samples/sec	accuracy=0.993320
Epoch[21] Batch [3150]	Speed: 968.48 samples/sec	accuracy=0.993457
Epoch[21] Batch [3200]	Speed: 969.81 samples/sec	accuracy=0.993750
Epoch[21] Train-accuracy=0.993652
Epoch[21] Time cost=3476.915
Saved checkpoint to "./check_points/model-0022.params"
Saved optimizer state to "./check_points/model-0022.states"
Epoch[21] Validation-accuracy=0.987222
